#
# There is insufficient memory for the Java Runtime Environment to continue.
# Native memory allocation (malloc) failed to allocate 1048576 bytes. Error detail: AllocateHeap
# Possible reasons:
#   The system is out of physical RAM or swap space
#   This process is running with CompressedOops enabled, and the Java Heap may be blocking the growth of the native heap
# Possible solutions:
#   Reduce memory load on the system
#   Increase physical memory or swap space
#   Check if swap backing store is full
#   Decrease Java heap size (-Xmx/-Xms)
#   Decrease number of Java threads
#   Decrease Java thread stack sizes (-Xss)
#   Set larger code cache with -XX:ReservedCodeCacheSize=
#   JVM is running with Unscaled Compressed Oops mode in which the Java heap is
#     placed in the first 4GB address space. The Java Heap base address is the
#     maximum limit for the native heap growth. Please use -XX:HeapBaseMinAddress
#     to set the Java Heap base and to place the Java Heap above 4GB virtual address.
# This output file may be truncated or incomplete.
#
#  Out of Memory Error (allocation.cpp:44), pid=12724, tid=17920
#
# JRE version: OpenJDK Runtime Environment Temurin-21.0.8+9 (21.0.8+9) (build 21.0.8+9-LTS)
# Java VM: OpenJDK 64-Bit Server VM Temurin-21.0.8+9 (21.0.8+9-LTS, mixed mode, sharing, tiered, compressed oops, compressed class ptrs, parallel gc, windows-amd64)
# No core dump will be written. Minidumps are not enabled by default on client versions of Windows
#

---------------  S U M M A R Y ------------

Command Line: --add-modules=ALL-SYSTEM --add-opens=java.base/java.util=ALL-UNNAMED --add-opens=java.base/java.lang=ALL-UNNAMED --add-opens=java.base/sun.nio.fs=ALL-UNNAMED -Declipse.application=org.eclipse.jdt.ls.core.id1 -Dosgi.bundles.defaultStartLevel=4 -Declipse.product=org.eclipse.jdt.ls.core.product -Djava.import.generatesMetadataFilesAtProjectRoot=false -DDetectVMInstallationsJob.disabled=true -Dfile.encoding=utf8 -XX:+UseParallelGC -XX:GCTimeRatio=4 -XX:AdaptiveSizePolicyWeight=90 -Dsun.zip.disableMemoryMapping=true -Xmx2G -Xms100m -Xlog:disable -javaagent:c:\Users\DELL\.qoder\extensions\redhat.java-1.46.0-win32-x64\lombok\lombok-1.18.39-4050.jar -XX:+HeapDumpOnOutOfMemoryError -XX:HeapDumpPath=c:\Users\DELL\AppData\Roaming\Qoder\User\workspaceStorage\82151dba4cb47fcb4c8dced761f4f6fd\redhat.java -Daether.dependencyCollector.impl=bf c:\Users\DELL\.qoder\extensions\redhat.java-1.46.0-win32-x64\server\plugins\org.eclipse.equinox.launcher_1.7.0.v20250519-0528.jar -configuration c:\Users\DELL\AppData\Roaming\Qoder\User\globalStorage\redhat.java\1.46.0\config_win -data c:\Users\DELL\AppData\Roaming\Qoder\User\workspaceStorage\82151dba4cb47fcb4c8dced761f4f6fd\redhat.java\jdt_ws --pipe=\\.\pipe\lsp-ab14f59a279ecb821735e59def5e5908-sock

Host: Intel(R) Core(TM) i5-6300U CPU @ 2.40GHz, 4 cores, 7G,  Windows 11 , 64 bit Build 22621 (10.0.22621.3958)
Time: Thu Oct 23 17:33:42 2025 W. Central Africa Standard Time elapsed time: 18072.593423 seconds (0d 5h 1m 12s)

---------------  T H R E A D  ---------------

Current thread (0x000002087d041f70):  JavaThread "Attach Listener" daemon [_thread_in_vm, id=17920, stack(0x000000dab6400000,0x000000dab6500000) (1024K)]

Stack: [0x000000dab6400000,0x000000dab6500000]
Native frames: (J=compiled Java code, j=interpreted, Vv=VM code, C=native code)
V  [jvm.dll+0x6d2449]
V  [jvm.dll+0x8ae341]
V  [jvm.dll+0x8b08be]
V  [jvm.dll+0x8b0fa3]
V  [jvm.dll+0x280c96]
V  [jvm.dll+0xc0347]
V  [jvm.dll+0x6d2cf9]
V  [jvm.dll+0x131116]
V  [jvm.dll+0x3f2d16]
V  [jvm.dll+0x857e6b]
V  [jvm.dll+0x6d0b0d]
C  [ucrtbase.dll+0x29333]
C  [KERNEL32.DLL+0x1257d]
C  [ntdll.dll+0x5af08]


---------------  P R O C E S S  ---------------

Threads class SMR info:
_java_thread_list=0x00000208474d9330, length=35, elements={
0x000002086665d530, 0x000002087d03ade0, 0x000002087d03c320, 0x000002087d03f310,
0x000002087d041f70, 0x000002087d042bc0, 0x000002087d046470, 0x000002087d0472a0,
0x000002087d0b9660, 0x00000208666cb000, 0x000002087df42a50, 0x000002087e6b30d0,
0x000002087dfeb450, 0x000002087e691300, 0x000002087e691d30, 0x000002087e4eb530,
0x000002087e67e0d0, 0x000002087e3953a0, 0x000002087ee5d340, 0x000002087f47ba30,
0x000002087f47b3a0, 0x000002087f47d470, 0x000002087f47c0c0, 0x00000208468e24d0,
0x00000208468dc8f0, 0x00000208468de9c0, 0x00000208468dc260, 0x00000208468df050,
0x000002087f47cde0, 0x000002084fd513d0, 0x00000208468dd610, 0x000002084f980890,
0x000002084f97daa0, 0x000002084f97c060, 0x000002084fd54850
}

Java Threads: ( => current thread )
  0x000002086665d530 JavaThread "main"                              [_thread_blocked, id=6880, stack(0x000000dab5c00000,0x000000dab5d00000) (1024K)]
  0x000002087d03ade0 JavaThread "Reference Handler"          daemon [_thread_blocked, id=16024, stack(0x000000dab6100000,0x000000dab6200000) (1024K)]
  0x000002087d03c320 JavaThread "Finalizer"                  daemon [_thread_blocked, id=18256, stack(0x000000dab6200000,0x000000dab6300000) (1024K)]
  0x000002087d03f310 JavaThread "Signal Dispatcher"          daemon [_thread_blocked, id=11228, stack(0x000000dab6300000,0x000000dab6400000) (1024K)]
=>0x000002087d041f70 JavaThread "Attach Listener"            daemon [_thread_in_vm, id=17920, stack(0x000000dab6400000,0x000000dab6500000) (1024K)]
  0x000002087d042bc0 JavaThread "Service Thread"             daemon [_thread_blocked, id=10736, stack(0x000000dab6500000,0x000000dab6600000) (1024K)]
  0x000002087d046470 JavaThread "Monitor Deflation Thread"   daemon [_thread_blocked, id=10824, stack(0x000000dab6600000,0x000000dab6700000) (1024K)]
  0x000002087d0472a0 JavaThread "C2 CompilerThread0"         daemon [_thread_blocked, id=2676, stack(0x000000dab6700000,0x000000dab6800000) (1024K)]
  0x000002087d0b9660 JavaThread "C1 CompilerThread0"         daemon [_thread_blocked, id=16428, stack(0x000000dab6800000,0x000000dab6900000) (1024K)]
  0x00000208666cb000 JavaThread "Common-Cleaner"             daemon [_thread_blocked, id=14612, stack(0x000000dab6900000,0x000000dab6a00000) (1024K)]
  0x000002087df42a50 JavaThread "Notification Thread"        daemon [_thread_blocked, id=3292, stack(0x000000dab6a00000,0x000000dab6b00000) (1024K)]
  0x000002087e6b30d0 JavaThread "Active Thread: Equinox Container: d6b15786-1bad-49e1-a234-951c08e59daf"        [_thread_blocked, id=16636, stack(0x000000dab6e00000,0x000000dab6f00000) (1024K)]
  0x000002087dfeb450 JavaThread "Refresh Thread: Equinox Container: d6b15786-1bad-49e1-a234-951c08e59daf" daemon [_thread_blocked, id=1568, stack(0x000000dab6f00000,0x000000dab7000000) (1024K)]
  0x000002087e691300 JavaThread "Framework Event Dispatcher: Equinox Container: d6b15786-1bad-49e1-a234-951c08e59daf" daemon [_thread_blocked, id=13940, stack(0x000000dab7000000,0x000000dab7100000) (1024K)]
  0x000002087e691d30 JavaThread "Start Level: Equinox Container: d6b15786-1bad-49e1-a234-951c08e59daf" daemon [_thread_blocked, id=17616, stack(0x000000dab7100000,0x000000dab7200000) (1024K)]
  0x000002087e4eb530 JavaThread "Bundle File Closer"         daemon [_thread_blocked, id=17576, stack(0x000000dab7200000,0x000000dab7300000) (1024K)]
  0x000002087e67e0d0 JavaThread "SCR Component Actor"        daemon [_thread_blocked, id=8644, stack(0x000000dab7300000,0x000000dab7400000) (1024K)]
  0x000002087e3953a0 JavaThread "Worker-JM"                         [_thread_blocked, id=17212, stack(0x000000dab7400000,0x000000dab7500000) (1024K)]
  0x000002087ee5d340 JavaThread "JNA Cleaner"                daemon [_thread_blocked, id=7164, stack(0x000000dab7500000,0x000000dab7600000) (1024K)]
  0x000002087f47ba30 JavaThread "Java indexing"              daemon [_thread_blocked, id=12092, stack(0x000000dab7900000,0x000000dab7a00000) (1024K)]
  0x000002087f47b3a0 JavaThread "Thread-1"                   daemon [_thread_in_native, id=16936, stack(0x000000dab7c00000,0x000000dab7d00000) (1024K)]
  0x000002087f47d470 JavaThread "Thread-2"                   daemon [_thread_in_native, id=14860, stack(0x000000dab7d00000,0x000000dab7e00000) (1024K)]
  0x000002087f47c0c0 JavaThread "Thread-3"                   daemon [_thread_in_native, id=6632, stack(0x000000dab7e00000,0x000000dab7f00000) (1024K)]
  0x00000208468e24d0 JavaThread "Thread-4"                   daemon [_thread_in_native, id=13936, stack(0x000000dab7f00000,0x000000dab8000000) (1024K)]
  0x00000208468dc8f0 JavaThread "Thread-5"                   daemon [_thread_in_native, id=15232, stack(0x000000dab8000000,0x000000dab8100000) (1024K)]
  0x00000208468de9c0 JavaThread "pool-2-thread-1"                   [_thread_blocked, id=1732, stack(0x000000dab8100000,0x000000dab8200000) (1024K)]
  0x00000208468dc260 JavaThread "WorkspaceEventsHandler"            [_thread_blocked, id=2692, stack(0x000000dab8200000,0x000000dab8300000) (1024K)]
  0x00000208468df050 JavaThread "pool-1-thread-1"                   [_thread_blocked, id=4388, stack(0x000000dab8300000,0x000000dab8400000) (1024K)]
  0x000002087f47cde0 JavaThread "Worker-17"                         [_thread_blocked, id=15612, stack(0x000000dab8400000,0x000000dab8500000) (1024K)]
  0x000002084fd513d0 JavaThread "Java Debug Server"          daemon [_thread_in_native, id=18424, stack(0x000000dab7b00000,0x000000dab7c00000) (1024K)]
  0x00000208468dd610 JavaThread "RxSchedulerPurge-1"         daemon [_thread_blocked, id=19284, stack(0x000000dab8600000,0x000000dab8700000) (1024K)]
  0x000002084f980890 JavaThread "RxCachedWorkerPoolEvictor-1" daemon [_thread_blocked, id=17472, stack(0x000000dab8700000,0x000000dab8800000) (1024K)]
  0x000002084f97daa0 JavaThread "Cleaner-0"                  daemon [_thread_blocked, id=11500, stack(0x000000dab7800000,0x000000dab7900000) (1024K)]
  0x000002084f97c060 JavaThread "Worker-22"                         [_thread_blocked, id=17260, stack(0x000000dab8b00000,0x000000dab8c00000) (1024K)]
  0x000002084fd54850 JavaThread "HttpClient-1-SelectorManager" daemon [_thread_in_native, id=80, stack(0x000000dab5d00000,0x000000dab5e00000) (1024K)]
Total: 35

Other Threads:
  0x000002086671e190 VMThread "VM Thread"                           [id=7364, stack(0x000000dab6000000,0x000000dab6100000) (1024K)]
  0x000002087cfdca00 WatcherThread "VM Periodic Task Thread"        [id=2836, stack(0x000000dab5f00000,0x000000dab6000000) (1024K)]
  0x000002086667cad0 WorkerThread "GC Thread#0"                     [id=17520, stack(0x000000dab5e00000,0x000000dab5f00000) (1024K)]
  0x000002087e3bd0c0 WorkerThread "GC Thread#1"                     [id=18148, stack(0x000000dab6b00000,0x000000dab6c00000) (1024K)]
  0x000002087e30efd0 WorkerThread "GC Thread#2"                     [id=17840, stack(0x000000dab6c00000,0x000000dab6d00000) (1024K)]
  0x000002087e0cede0 WorkerThread "GC Thread#3"                     [id=17008, stack(0x000000dab6d00000,0x000000dab6e00000) (1024K)]
Total: 6

Threads with active compile tasks:
Total: 0

VM state: not at safepoint (normal execution)

VM Mutex/Monitor currently owned by a thread: None

Heap address: 0x0000000080000000, size: 2048 MB, Compressed Oops mode: 32-bit

CDS archive(s) mapped at: [0x0000020800000000-0x0000020800ba0000-0x0000020800ba0000), size 12189696, SharedBaseAddress: 0x0000020800000000, ArchiveRelocationMode: 1.
Compressed class space mapped at: 0x0000020801000000-0x0000020841000000, reserved size: 1073741824
Narrow klass base: 0x0000020800000000, Narrow klass shift: 0, Narrow klass range: 0x100000000

GC Precious Log:
 CardTable entry size: 512
 CPUs: 4 total, 4 available
 Memory: 8050M
 Large Page Support: Disabled
 NUMA Support: Disabled
 Compressed Oops: Enabled (32-bit)
 Alignments: Space 512K, Generation 512K, Heap 2M
 Heap Min Capacity: 100M
 Heap Initial Capacity: 100M
 Heap Max Capacity: 2G
 Pre-touch: Disabled
 Parallel Workers: 4

Heap:
 PSYoungGen      total 3072K, used 2382K [0x00000000d5580000, 0x00000000d5a80000, 0x0000000100000000)
  eden space 2560K, 88% used [0x00000000d5580000,0x00000000d57b3bf8,0x00000000d5800000)
  from space 512K, 25% used [0x00000000d5980000,0x00000000d59a0000,0x00000000d5a00000)
  to   space 512K, 0% used [0x00000000d5a00000,0x00000000d5a00000,0x00000000d5a80000)
 ParOldGen       total 1170432K, used 1169414K [0x0000000080000000, 0x00000000c7700000, 0x00000000d5580000)
  object space 1170432K, 99% used [0x0000000080000000,0x00000000c7601b68,0x00000000c7700000)
 Metaspace       used 88442K, committed 90048K, reserved 1179648K
  class space    used 8991K, committed 9664K, reserved 1048576K

Card table byte_map: [0x0000020866030000,0x0000020866440000] _byte_map_base: 0x0000020865c30000

Marking Bits: (ParMarkBitMap*) 0x00007ffdf4b8a340
 Begin Bits: [0x0000020878b00000, 0x000002087ab00000)
 End Bits:   [0x000002087ab00000, 0x000002087cb00000)

Polling page: 0x0000020865e20000

Metaspace:

Usage:
  Non-class:     77.59 MB used.
      Class:      8.78 MB used.
       Both:     86.37 MB used.

Virtual space:
  Non-class space:      128.00 MB reserved,      78.50 MB ( 61%) committed,  2 nodes.
      Class space:        1.00 GB reserved,       9.44 MB ( <1%) committed,  1 nodes.
             Both:        1.12 GB reserved,      87.94 MB (  8%) committed. 

Chunk freelists:
   Non-Class:  1.33 MB
       Class:  6.59 MB
        Both:  7.92 MB

MaxMetaspaceSize: unlimited
CompressedClassSpaceSize: 1.00 GB
Initial GC threshold: 21.00 MB
Current GC threshold: 128.06 MB
CDS: on
 - commit_granule_bytes: 65536.
 - commit_granule_words: 8192.
 - virtual_space_node_default_size: 8388608.
 - enlarge_chunks_in_place: 1.
 - use_allocation_guard: 0.


Internal statistics:

num_allocs_failed_limit: 9.
num_arena_births: 1836.
num_arena_deaths: 394.
num_vsnodes_births: 3.
num_vsnodes_deaths: 0.
num_space_committed: 1407.
num_space_uncommitted: 0.
num_chunks_returned_to_freelist: 471.
num_chunks_taken_from_freelist: 6389.
num_chunk_merges: 127.
num_chunk_splits: 3632.
num_chunks_enlarged: 1919.
num_inconsistent_stats: 0.

CodeHeap 'non-profiled nmethods': size=120000Kb used=21153Kb max_used=21153Kb free=98846Kb
 bounds [0x0000020871320000, 0x00000208727d0000, 0x0000020878850000]
CodeHeap 'profiled nmethods': size=120000Kb used=46701Kb max_used=46701Kb free=73298Kb
 bounds [0x0000020869850000, 0x000002086c5f0000, 0x0000020870d80000]
CodeHeap 'non-nmethods': size=5760Kb used=1529Kb max_used=1640Kb free=4230Kb
 bounds [0x0000020870d80000, 0x0000020870ff0000, 0x0000020871320000]
CodeCache: size=245760Kb, used=69383Kb, max_used=69494Kb, free=176374Kb
 total_blobs=19485, nmethods=18627, adapters=760, full_count=0
Compilation: enabled, stopped_count=0, restarted_count=0

Compilation events (20 events):
Event: 14403.586 Thread 0x000002087d0b9660 22868       3       com.sun.org.apache.xerces.internal.dom.ElementImpl::getDefaultAttributes (48 bytes)
Event: 14403.601 Thread 0x000002087d0b9660 nmethod 22868 0x000002086c5e5c10 code [0x000002086c5e5ea0, 0x000002086c5e6cc8]
Event: 14714.857 Thread 0x000002087d0472a0 22869       4       org.eclipse.core.internal.utils.StringPool::add (50 bytes)
Event: 14715.006 Thread 0x000002087d0472a0 nmethod 22869 0x00000208727c3d10 code [0x00000208727c3f60, 0x00000208727c4860]
Event: 15080.187 Thread 0x000002087d0472a0 22870   !   4       java.lang.Thread::blockedOn (27 bytes)
Event: 15080.209 Thread 0x000002087d0472a0 nmethod 22870 0x00000208727c5010 code [0x00000208727c51a0, 0x00000208727c53b0]
Event: 15375.319 Thread 0x000002087d0b9660 22871   !   3       org.eclipse.osgi.storage.Storage::save0 (246 bytes)
Event: 15375.520 Thread 0x000002087d0b9660 nmethod 22871 0x000002086c5e7010 code [0x000002086c5e7520, 0x000002086c5ea108]
Event: 16515.004 Thread 0x000002087d0472a0 22872       4       org.eclipse.core.internal.dtree.AbstractDataTreeNode::storeStrings (42 bytes)
Event: 16515.127 Thread 0x000002087d0472a0 nmethod 22872 0x00000208727c5490 code [0x00000208727c5700, 0x00000208727c6220]
Event: 17152.450 Thread 0x000002087d0472a0 22873       4       java.util.AbstractMap::isEmpty (13 bytes)
Event: 17152.469 Thread 0x000002087d0472a0 nmethod 22873 0x00000208727c6b90 code [0x00000208727c6d20, 0x00000208727c6dd8]
Event: 17703.411 Thread 0x000002087d0472a0 22874       4       java.util.concurrent.locks.AbstractQueuedSynchronizer$ConditionObject::enableWait (84 bytes)
Event: 17703.507 Thread 0x000002087d0472a0 nmethod 22874 0x00000208727c6e90 code [0x00000208727c7060, 0x00000208727c7378]
Event: 17869.602 Thread 0x000002087d0472a0 22875   !   4       sun.nio.ch.SelectorImpl::processDeregisterQueue (145 bytes)
Event: 17869.673 Thread 0x000002087d0472a0 nmethod 22875 0x00000208727c7610 code [0x00000208727c77c0, 0x00000208727c7b10]
Event: 17869.684 Thread 0x000002087d0472a0 22876   !   4       jdk.internal.net.http.HttpClientImpl::finished (58 bytes)
Event: 17869.742 Thread 0x000002087d0472a0 nmethod 22876 0x00000208727c7d10 code [0x00000208727c7ea0, 0x00000208727c7fe0]
Event: 18062.313 Thread 0x000002087d0472a0 22877   !   4       jdk.internal.net.http.HttpClientImpl::purgeTimeoutsAndReturnNextDeadline (326 bytes)
Event: 18062.396 Thread 0x000002087d0472a0 nmethod 22877 0x00000208727c8190 code [0x00000208727c8320, 0x00000208727c8588]

GC Heap History (20 events):
Event: 9961.006 GC heap before
{Heap before GC invocations=1660 (full 5):
 PSYoungGen      total 3072K, used 2880K [0x00000000d5580000, 0x00000000d5980000, 0x0000000100000000)
  eden space 2560K, 100% used [0x00000000d5580000,0x00000000d5800000,0x00000000d5800000)
  from space 512K, 62% used [0x00000000d5880000,0x00000000d58d0000,0x00000000d5900000)
  to   space 512K, 0% used [0x00000000d5900000,0x00000000d5900000,0x00000000d5980000)
 ParOldGen       total 1136640K, used 1136477K [0x0000000080000000, 0x00000000c5600000, 0x00000000d5580000)
  object space 1136640K, 99% used [0x0000000080000000,0x00000000c55d77e0,0x00000000c5600000)
 Metaspace       used 88371K, committed 90048K, reserved 1179648K
  class space    used 8991K, committed 9664K, reserved 1048576K
}
Event: 9961.011 GC heap after
{Heap after GC invocations=1660 (full 5):
 PSYoungGen      total 3584K, used 256K [0x00000000d5580000, 0x00000000d5980000, 0x0000000100000000)
  eden space 3072K, 0% used [0x00000000d5580000,0x00000000d5580000,0x00000000d5880000)
  from space 512K, 50% used [0x00000000d5900000,0x00000000d5940000,0x00000000d5980000)
  to   space 512K, 0% used [0x00000000d5880000,0x00000000d5880000,0x00000000d5900000)
 ParOldGen       total 1137152K, used 1136774K [0x0000000080000000, 0x00000000c5680000, 0x00000000d5580000)
  object space 1137152K, 99% used [0x0000000080000000,0x00000000c5621800,0x00000000c5680000)
 Metaspace       used 88371K, committed 90048K, reserved 1179648K
  class space    used 8991K, committed 9664K, reserved 1048576K
}
Event: 9961.073 GC heap before
{Heap before GC invocations=1661 (full 5):
 PSYoungGen      total 3584K, used 3307K [0x00000000d5580000, 0x00000000d5980000, 0x0000000100000000)
  eden space 3072K, 99% used [0x00000000d5580000,0x00000000d587ac80,0x00000000d5880000)
  from space 512K, 50% used [0x00000000d5900000,0x00000000d5940000,0x00000000d5980000)
  to   space 512K, 0% used [0x00000000d5880000,0x00000000d5880000,0x00000000d5900000)
 ParOldGen       total 1137152K, used 1136774K [0x0000000080000000, 0x00000000c5680000, 0x00000000d5580000)
  object space 1137152K, 99% used [0x0000000080000000,0x00000000c5621800,0x00000000c5680000)
 Metaspace       used 88371K, committed 90048K, reserved 1179648K
  class space    used 8991K, committed 9664K, reserved 1048576K
}
Event: 9961.081 GC heap after
{Heap after GC invocations=1661 (full 5):
 PSYoungGen      total 3584K, used 480K [0x00000000d5580000, 0x00000000d5b80000, 0x0000000100000000)
  eden space 3072K, 0% used [0x00000000d5580000,0x00000000d5580000,0x00000000d5880000)
  from space 512K, 93% used [0x00000000d5880000,0x00000000d58f8000,0x00000000d5900000)
  to   space 1024K, 0% used [0x00000000d5a80000,0x00000000d5a80000,0x00000000d5b80000)
 ParOldGen       total 1137152K, used 1136966K [0x0000000080000000, 0x00000000c5680000, 0x00000000d5580000)
  object space 1137152K, 99% used [0x0000000080000000,0x00000000c5651820,0x00000000c5680000)
 Metaspace       used 88371K, committed 90048K, reserved 1179648K
  class space    used 8991K, committed 9664K, reserved 1048576K
}
Event: 9961.104 GC heap before
{Heap before GC invocations=1662 (full 5):
 PSYoungGen      total 3584K, used 3552K [0x00000000d5580000, 0x00000000d5b80000, 0x0000000100000000)
  eden space 3072K, 100% used [0x00000000d5580000,0x00000000d5880000,0x00000000d5880000)
  from space 512K, 93% used [0x00000000d5880000,0x00000000d58f8000,0x00000000d5900000)
  to   space 1024K, 0% used [0x00000000d5a80000,0x00000000d5a80000,0x00000000d5b80000)
 ParOldGen       total 1137152K, used 1136966K [0x0000000080000000, 0x00000000c5680000, 0x00000000d5580000)
  object space 1137152K, 99% used [0x0000000080000000,0x00000000c5651820,0x00000000c5680000)
 Metaspace       used 88371K, committed 90048K, reserved 1179648K
  class space    used 8991K, committed 9664K, reserved 1048576K
}
Event: 9961.110 GC heap after
{Heap after GC invocations=1662 (full 5):
 PSYoungGen      total 3072K, used 995K [0x00000000d5580000, 0x00000000d5f80000, 0x0000000100000000)
  eden space 2048K, 0% used [0x00000000d5580000,0x00000000d5580000,0x00000000d5780000)
  from space 1024K, 97% used [0x00000000d5a80000,0x00000000d5b78f00,0x00000000d5b80000)
  to   space 3072K, 0% used [0x00000000d5780000,0x00000000d5780000,0x00000000d5a80000)
 ParOldGen       total 1138688K, used 1138275K [0x0000000080000000, 0x00000000c5800000, 0x00000000d5580000)
  object space 1138688K, 99% used [0x0000000080000000,0x00000000c5798e28,0x00000000c5800000)
 Metaspace       used 88371K, committed 90048K, reserved 1179648K
  class space    used 8991K, committed 9664K, reserved 1048576K
}
Event: 9961.124 GC heap before
{Heap before GC invocations=1663 (full 5):
 PSYoungGen      total 3072K, used 3043K [0x00000000d5580000, 0x00000000d5f80000, 0x0000000100000000)
  eden space 2048K, 100% used [0x00000000d5580000,0x00000000d5780000,0x00000000d5780000)
  from space 1024K, 97% used [0x00000000d5a80000,0x00000000d5b78f00,0x00000000d5b80000)
  to   space 3072K, 0% used [0x00000000d5780000,0x00000000d5780000,0x00000000d5a80000)
 ParOldGen       total 1138688K, used 1138275K [0x0000000080000000, 0x00000000c5800000, 0x00000000d5580000)
  object space 1138688K, 99% used [0x0000000080000000,0x00000000c5798e28,0x00000000c5800000)
 Metaspace       used 88371K, committed 90048K, reserved 1179648K
  class space    used 8991K, committed 9664K, reserved 1048576K
}
Event: 9961.130 GC heap after
{Heap after GC invocations=1663 (full 5):
 PSYoungGen      total 2560K, used 96K [0x00000000d5580000, 0x00000000d5b00000, 0x0000000100000000)
  eden space 2048K, 0% used [0x00000000d5580000,0x00000000d5580000,0x00000000d5780000)
  from space 512K, 18% used [0x00000000d5780000,0x00000000d5798000,0x00000000d5800000)
  to   space 1024K, 0% used [0x00000000d5a00000,0x00000000d5a00000,0x00000000d5b00000)
 ParOldGen       total 1138688K, used 1138454K [0x0000000080000000, 0x00000000c5800000, 0x00000000d5580000)
  object space 1138688K, 99% used [0x0000000080000000,0x00000000c57c5b38,0x00000000c5800000)
 Metaspace       used 88371K, committed 90048K, reserved 1179648K
  class space    used 8991K, committed 9664K, reserved 1048576K
}
Event: 9965.098 GC heap before
{Heap before GC invocations=1664 (full 5):
 PSYoungGen      total 2560K, used 2144K [0x00000000d5580000, 0x00000000d5b00000, 0x0000000100000000)
  eden space 2048K, 100% used [0x00000000d5580000,0x00000000d5780000,0x00000000d5780000)
  from space 512K, 18% used [0x00000000d5780000,0x00000000d5798000,0x00000000d5800000)
  to   space 1024K, 0% used [0x00000000d5a00000,0x00000000d5a00000,0x00000000d5b00000)
 ParOldGen       total 1138688K, used 1138454K [0x0000000080000000, 0x00000000c5800000, 0x00000000d5580000)
  object space 1138688K, 99% used [0x0000000080000000,0x00000000c57c5b38,0x00000000c5800000)
 Metaspace       used 88371K, committed 90048K, reserved 1179648K
  class space    used 8991K, committed 9664K, reserved 1048576K
}
Event: 9965.101 GC heap after
{Heap after GC invocations=1664 (full 5):
 PSYoungGen      total 3072K, used 128K [0x00000000d5580000, 0x00000000d5a80000, 0x0000000100000000)
  eden space 2560K, 0% used [0x00000000d5580000,0x00000000d5580000,0x00000000d5800000)
  from space 512K, 25% used [0x00000000d5a00000,0x00000000d5a20000,0x00000000d5a80000)
  to   space 512K, 0% used [0x00000000d5980000,0x00000000d5980000,0x00000000d5a00000)
 ParOldGen       total 1138688K, used 1138486K [0x0000000080000000, 0x00000000c5800000, 0x00000000d5580000)
  object space 1138688K, 99% used [0x0000000080000000,0x00000000c57cdb38,0x00000000c5800000)
 Metaspace       used 88371K, committed 90048K, reserved 1179648K
  class space    used 8991K, committed 9664K, reserved 1048576K
}
Event: 11790.282 GC heap before
{Heap before GC invocations=1665 (full 5):
 PSYoungGen      total 3072K, used 2687K [0x00000000d5580000, 0x00000000d5a80000, 0x0000000100000000)
  eden space 2560K, 99% used [0x00000000d5580000,0x00000000d57ffff8,0x00000000d5800000)
  from space 512K, 25% used [0x00000000d5a00000,0x00000000d5a20000,0x00000000d5a80000)
  to   space 512K, 0% used [0x00000000d5980000,0x00000000d5980000,0x00000000d5a00000)
 ParOldGen       total 1138688K, used 1138486K [0x0000000080000000, 0x00000000c5800000, 0x00000000d5580000)
  object space 1138688K, 99% used [0x0000000080000000,0x00000000c57cdb38,0x00000000c5800000)
 Metaspace       used 88401K, committed 90048K, reserved 1179648K
  class space    used 8991K, committed 9664K, reserved 1048576K
}
Event: 11790.727 GC heap after
{Heap after GC invocations=1665 (full 5):
 PSYoungGen      total 3072K, used 128K [0x00000000d5580000, 0x00000000d5a80000, 0x0000000100000000)
  eden space 2560K, 0% used [0x00000000d5580000,0x00000000d5580000,0x00000000d5800000)
  from space 512K, 25% used [0x00000000d5980000,0x00000000d59a0000,0x00000000d5a00000)
  to   space 512K, 0% used [0x00000000d5a00000,0x00000000d5a00000,0x00000000d5a80000)
 ParOldGen       total 1138688K, used 1138542K [0x0000000080000000, 0x00000000c5800000, 0x00000000d5580000)
  object space 1138688K, 99% used [0x0000000080000000,0x00000000c57dbb38,0x00000000c5800000)
 Metaspace       used 88401K, committed 90048K, reserved 1179648K
  class space    used 8991K, committed 9664K, reserved 1048576K
}
Event: 12559.208 GC heap before
{Heap before GC invocations=1666 (full 5):
 PSYoungGen      total 3072K, used 2688K [0x00000000d5580000, 0x00000000d5a80000, 0x0000000100000000)
  eden space 2560K, 100% used [0x00000000d5580000,0x00000000d5800000,0x00000000d5800000)
  from space 512K, 25% used [0x00000000d5980000,0x00000000d59a0000,0x00000000d5a00000)
  to   space 512K, 0% used [0x00000000d5a00000,0x00000000d5a00000,0x00000000d5a80000)
 ParOldGen       total 1138688K, used 1138542K [0x0000000080000000, 0x00000000c5800000, 0x00000000d5580000)
  object space 1138688K, 99% used [0x0000000080000000,0x00000000c57dbb38,0x00000000c5800000)
 Metaspace       used 88401K, committed 90048K, reserved 1179648K
  class space    used 8991K, committed 9664K, reserved 1048576K
}
Event: 12559.547 GC heap after
{Heap after GC invocations=1666 (full 5):
 PSYoungGen      total 3072K, used 96K [0x00000000d5580000, 0x00000000d5a80000, 0x0000000100000000)
  eden space 2560K, 0% used [0x00000000d5580000,0x00000000d5580000,0x00000000d5800000)
  from space 512K, 18% used [0x00000000d5a00000,0x00000000d5a18000,0x00000000d5a80000)
  to   space 512K, 0% used [0x00000000d5980000,0x00000000d5980000,0x00000000d5a00000)
 ParOldGen       total 1138688K, used 1138566K [0x0000000080000000, 0x00000000c5800000, 0x00000000d5580000)
  object space 1138688K, 99% used [0x0000000080000000,0x00000000c57e1b38,0x00000000c5800000)
 Metaspace       used 88401K, committed 90048K, reserved 1179648K
  class space    used 8991K, committed 9664K, reserved 1048576K
}
Event: 14102.865 GC heap before
{Heap before GC invocations=1667 (full 5):
 PSYoungGen      total 3072K, used 2646K [0x00000000d5580000, 0x00000000d5a80000, 0x0000000100000000)
  eden space 2560K, 99% used [0x00000000d5580000,0x00000000d57fd890,0x00000000d5800000)
  from space 512K, 18% used [0x00000000d5a00000,0x00000000d5a18000,0x00000000d5a80000)
  to   space 512K, 0% used [0x00000000d5980000,0x00000000d5980000,0x00000000d5a00000)
 ParOldGen       total 1138688K, used 1138566K [0x0000000080000000, 0x00000000c5800000, 0x00000000d5580000)
  object space 1138688K, 99% used [0x0000000080000000,0x00000000c57e1b38,0x00000000c5800000)
 Metaspace       used 88409K, committed 90048K, reserved 1179648K
  class space    used 8991K, committed 9664K, reserved 1048576K
}
Event: 14103.156 GC heap after
{Heap after GC invocations=1667 (full 5):
 PSYoungGen      total 3072K, used 176K [0x00000000d5580000, 0x00000000d5a80000, 0x0000000100000000)
  eden space 2560K, 0% used [0x00000000d5580000,0x00000000d5580000,0x00000000d5800000)
  from space 512K, 34% used [0x00000000d5980000,0x00000000d59ac010,0x00000000d5a00000)
  to   space 512K, 0% used [0x00000000d5a00000,0x00000000d5a00000,0x00000000d5a80000)
 ParOldGen       total 1138688K, used 1138582K [0x0000000080000000, 0x00000000c5800000, 0x00000000d5580000)
  object space 1138688K, 99% used [0x0000000080000000,0x00000000c57e5b38,0x00000000c5800000)
 Metaspace       used 88409K, committed 90048K, reserved 1179648K
  class space    used 8991K, committed 9664K, reserved 1048576K
}
Event: 14103.904 GC heap before
{Heap before GC invocations=1668 (full 5):
 PSYoungGen      total 3072K, used 2736K [0x00000000d5580000, 0x00000000d5a80000, 0x0000000100000000)
  eden space 2560K, 100% used [0x00000000d5580000,0x00000000d5800000,0x00000000d5800000)
  from space 512K, 34% used [0x00000000d5980000,0x00000000d59ac010,0x00000000d5a00000)
  to   space 512K, 0% used [0x00000000d5a00000,0x00000000d5a00000,0x00000000d5a80000)
 ParOldGen       total 1170432K, used 1169302K [0x0000000080000000, 0x00000000c7700000, 0x00000000d5580000)
  object space 1170432K, 99% used [0x0000000080000000,0x00000000c75e5b68,0x00000000c7700000)
 Metaspace       used 88410K, committed 90048K, reserved 1179648K
  class space    used 8991K, committed 9664K, reserved 1048576K
}
Event: 14103.915 GC heap after
{Heap after GC invocations=1668 (full 5):
 PSYoungGen      total 3072K, used 160K [0x00000000d5580000, 0x00000000d5a80000, 0x0000000100000000)
  eden space 2560K, 0% used [0x00000000d5580000,0x00000000d5580000,0x00000000d5800000)
  from space 512K, 31% used [0x00000000d5a00000,0x00000000d5a28000,0x00000000d5a80000)
  to   space 512K, 0% used [0x00000000d5980000,0x00000000d5980000,0x00000000d5a00000)
 ParOldGen       total 1170432K, used 1169382K [0x0000000080000000, 0x00000000c7700000, 0x00000000d5580000)
  object space 1170432K, 99% used [0x0000000080000000,0x00000000c75f9b68,0x00000000c7700000)
 Metaspace       used 88410K, committed 90048K, reserved 1179648K
  class space    used 8991K, committed 9664K, reserved 1048576K
}
Event: 14403.247 GC heap before
{Heap before GC invocations=1669 (full 5):
 PSYoungGen      total 3072K, used 2720K [0x00000000d5580000, 0x00000000d5a80000, 0x0000000100000000)
  eden space 2560K, 100% used [0x00000000d5580000,0x00000000d5800000,0x00000000d5800000)
  from space 512K, 31% used [0x00000000d5a00000,0x00000000d5a28000,0x00000000d5a80000)
  to   space 512K, 0% used [0x00000000d5980000,0x00000000d5980000,0x00000000d5a00000)
 ParOldGen       total 1170432K, used 1169382K [0x0000000080000000, 0x00000000c7700000, 0x00000000d5580000)
  object space 1170432K, 99% used [0x0000000080000000,0x00000000c75f9b68,0x00000000c7700000)
 Metaspace       used 88422K, committed 90048K, reserved 1179648K
  class space    used 8991K, committed 9664K, reserved 1048576K
}
Event: 14403.515 GC heap after
{Heap after GC invocations=1669 (full 5):
 PSYoungGen      total 3072K, used 128K [0x00000000d5580000, 0x00000000d5a80000, 0x0000000100000000)
  eden space 2560K, 0% used [0x00000000d5580000,0x00000000d5580000,0x00000000d5800000)
  from space 512K, 25% used [0x00000000d5980000,0x00000000d59a0000,0x00000000d5a00000)
  to   space 512K, 0% used [0x00000000d5a00000,0x00000000d5a00000,0x00000000d5a80000)
 ParOldGen       total 1170432K, used 1169414K [0x0000000080000000, 0x00000000c7700000, 0x00000000d5580000)
  object space 1170432K, 99% used [0x0000000080000000,0x00000000c7601b68,0x00000000c7700000)
 Metaspace       used 88422K, committed 90048K, reserved 1179648K
  class space    used 8991K, committed 9664K, reserved 1048576K
}

Dll operation events (12 events):
Event: 0.039 Loaded shared library c:\Users\DELL\.qoder\extensions\redhat.java-1.46.0-win32-x64\jre\21.0.8-win32-x86_64\bin\java.dll
Event: 0.300 Loaded shared library c:\Users\DELL\.qoder\extensions\redhat.java-1.46.0-win32-x64\jre\21.0.8-win32-x86_64\bin\zip.dll
Event: 0.389 Loaded shared library C:\Users\DELL\.qoder\extensions\redhat.java-1.46.0-win32-x64\jre\21.0.8-win32-x86_64\bin\instrument.dll
Event: 0.428 Loaded shared library C:\Users\DELL\.qoder\extensions\redhat.java-1.46.0-win32-x64\jre\21.0.8-win32-x86_64\bin\net.dll
Event: 0.431 Loaded shared library C:\Users\DELL\.qoder\extensions\redhat.java-1.46.0-win32-x64\jre\21.0.8-win32-x86_64\bin\nio.dll
Event: 0.439 Loaded shared library C:\Users\DELL\.qoder\extensions\redhat.java-1.46.0-win32-x64\jre\21.0.8-win32-x86_64\bin\zip.dll
Event: 0.551 Loaded shared library C:\Users\DELL\.qoder\extensions\redhat.java-1.46.0-win32-x64\jre\21.0.8-win32-x86_64\bin\jimage.dll
Event: 0.925 Loaded shared library c:\Users\DELL\.qoder\extensions\redhat.java-1.46.0-win32-x64\jre\21.0.8-win32-x86_64\bin\verify.dll
Event: 7.572 Loaded shared library C:\Users\DELL\AppData\Roaming\Qoder\User\globalStorage\redhat.java\1.46.0\config_win\org.eclipse.equinox.launcher\org.eclipse.equinox.launcher.win32.win32.x86_64_1.2.1400.v20250801-0854\eclipse_11916.dll
Event: 11.665 Loaded shared library C:\Users\DELL\AppData\Local\Temp\jna-2094529\jna10279289751909863423.dll
Event: 21.181 Loaded shared library C:\Users\DELL\.qoder\extensions\redhat.java-1.46.0-win32-x64\jre\21.0.8-win32-x86_64\bin\sunmscapi.dll
Event: 22.746 Loaded shared library C:\Users\DELL\.qoder\extensions\redhat.java-1.46.0-win32-x64\jre\21.0.8-win32-x86_64\bin\extnet.dll

Deoptimization events (20 events):
Event: 10016.586 Thread 0x000002084fd52780 Uncommon trap: trap_request=0xffffffde fr.pc=0x000002087233cd7c relative=0x000000000000251c
Event: 10016.586 Thread 0x000002084fd52780 Uncommon trap: reason=class_check action=maybe_recompile pc=0x000002087233cd7c method=java.util.concurrent.ForkJoinTask$AdaptedCallable.exec()Z @ 5 c2
Event: 10016.586 Thread 0x000002084fd52780 DEOPT PACKING pc=0x000002087233cd7c sp=0x000000dab7aff360
Event: 10016.586 Thread 0x000002084fd52780 DEOPT UNPACKING pc=0x0000020870dd3aa2 sp=0x000000dab7aff370 mode 2
Event: 10016.587 Thread 0x000002084fd52780 Uncommon trap: trap_request=0xffffff45 fr.pc=0x00000208726c4ed8 relative=0x0000000000000838
Event: 10016.587 Thread 0x000002084fd52780 Uncommon trap: reason=unstable_if action=reinterpret pc=0x00000208726c4ed8 method=java.util.concurrent.ForkJoinPool.awaitWork(Ljava/util/concurrent/ForkJoinPool$WorkQueue;)I @ 128 c2
Event: 10016.587 Thread 0x000002084fd52780 DEOPT PACKING pc=0x00000208726c4ed8 sp=0x000000dab7aff530
Event: 10016.587 Thread 0x000002084fd52780 DEOPT UNPACKING pc=0x0000020870dd3aa2 sp=0x000000dab7aff4b0 mode 2
Event: 12315.269 Thread 0x00000208468dd610 Uncommon trap: trap_request=0xffffffd6 fr.pc=0x00000208727b4b70 relative=0x0000000000000330
Event: 12315.269 Thread 0x00000208468dd610 Uncommon trap: reason=array_check action=maybe_recompile pc=0x00000208727b4b70 method=java.util.concurrent.ScheduledThreadPoolExecutor$DelayedWorkQueue.offer(Ljava/lang/Runnable;)Z @ 65 c2
Event: 12315.269 Thread 0x00000208468dd610 DEOPT PACKING pc=0x00000208727b4b70 sp=0x000000dab86ff060
Event: 12315.274 Thread 0x00000208468dd610 DEOPT UNPACKING pc=0x0000020870dd3aa2 sp=0x000000dab86fef00 mode 2
Event: 12316.263 Thread 0x00000208468dd610 Uncommon trap: trap_request=0xffffffd6 fr.pc=0x00000208727b4b70 relative=0x0000000000000330
Event: 12316.263 Thread 0x00000208468dd610 Uncommon trap: reason=array_check action=maybe_recompile pc=0x00000208727b4b70 method=java.util.concurrent.ScheduledThreadPoolExecutor$DelayedWorkQueue.offer(Ljava/lang/Runnable;)Z @ 65 c2
Event: 12316.263 Thread 0x00000208468dd610 DEOPT PACKING pc=0x00000208727b4b70 sp=0x000000dab86ff060
Event: 12316.263 Thread 0x00000208468dd610 DEOPT UNPACKING pc=0x0000020870dd3aa2 sp=0x000000dab86fef00 mode 2
Event: 12317.268 Thread 0x00000208468dd610 Uncommon trap: trap_request=0xffffffd6 fr.pc=0x00000208727b4b70 relative=0x0000000000000330
Event: 12317.268 Thread 0x00000208468dd610 Uncommon trap: reason=array_check action=maybe_recompile pc=0x00000208727b4b70 method=java.util.concurrent.ScheduledThreadPoolExecutor$DelayedWorkQueue.offer(Ljava/lang/Runnable;)Z @ 65 c2
Event: 12317.268 Thread 0x00000208468dd610 DEOPT PACKING pc=0x00000208727b4b70 sp=0x000000dab86ff060
Event: 12317.268 Thread 0x00000208468dd610 DEOPT UNPACKING pc=0x0000020870dd3aa2 sp=0x000000dab86fef00 mode 2

Classes loaded (20 events):
Event: 9769.403 Loading class sun/nio/ch/PipeImpl$Initializer
Event: 9769.404 Loading class sun/nio/ch/PipeImpl$Initializer done
Event: 9769.404 Loading class sun/nio/ch/PipeImpl$Initializer$LoopbackConnector
Event: 9769.404 Loading class sun/nio/ch/PipeImpl$Initializer$LoopbackConnector done
Event: 9769.404 Loading class sun/nio/ch/UnixDomainSockets
Event: 9769.404 Loading class sun/nio/ch/UnixDomainSockets done
Event: 9769.404 Loading class sun/nio/ch/UnixDomainSocketsUtil
Event: 9769.404 Loading class sun/nio/ch/UnixDomainSocketsUtil done
Event: 9769.425 Loading class sun/nio/ch/ServerSocketChannelImpl
Event: 9769.426 Loading class sun/nio/ch/ServerSocketChannelImpl done
Event: 9769.438 Loading class sun/nio/ch/SourceChannelImpl
Event: 9769.439 Loading class java/nio/channels/Pipe$SourceChannel
Event: 9769.439 Loading class java/nio/channels/Pipe$SourceChannel done
Event: 9769.439 Loading class sun/nio/ch/SourceChannelImpl done
Event: 9769.439 Loading class sun/nio/ch/SinkChannelImpl
Event: 9769.440 Loading class java/nio/channels/Pipe$SinkChannel
Event: 9769.440 Loading class java/nio/channels/Pipe$SinkChannel done
Event: 9769.440 Loading class sun/nio/ch/SinkChannelImpl done
Event: 9769.452 Loading class java/nio/channels/spi/AbstractSelector$1
Event: 9769.452 Loading class java/nio/channels/spi/AbstractSelector$1 done

Classes unloaded (20 events):
Event: 8564.742 Thread 0x000002086671e190 Unloading class 0x000002080100d800 'java/lang/invoke/LambdaForm$MH+0x000002080100d800'
Event: 8564.742 Thread 0x000002086671e190 Unloading class 0x000002080100d400 'java/lang/invoke/LambdaForm$MH+0x000002080100d400'
Event: 8564.742 Thread 0x000002086671e190 Unloading class 0x000002080100d000 'java/lang/invoke/LambdaForm$MH+0x000002080100d000'
Event: 8564.742 Thread 0x000002086671e190 Unloading class 0x000002080100cc00 'java/lang/invoke/LambdaForm$MH+0x000002080100cc00'
Event: 8564.742 Thread 0x000002086671e190 Unloading class 0x000002080100c800 'java/lang/invoke/LambdaForm$BMH+0x000002080100c800'
Event: 8564.742 Thread 0x000002086671e190 Unloading class 0x000002080100c000 'java/lang/invoke/LambdaForm$DMH+0x000002080100c000'
Event: 8564.743 Thread 0x000002086671e190 Unloading class 0x0000020801008c00 'java/lang/invoke/LambdaForm$MH+0x0000020801008c00'
Event: 8564.743 Thread 0x000002086671e190 Unloading class 0x0000020801008800 'java/lang/invoke/LambdaForm$MH+0x0000020801008800'
Event: 8564.743 Thread 0x000002086671e190 Unloading class 0x0000020801008400 'java/lang/invoke/LambdaForm$MH+0x0000020801008400'
Event: 8564.743 Thread 0x000002086671e190 Unloading class 0x0000020801007000 'java/lang/invoke/LambdaForm$MH+0x0000020801007000'
Event: 8564.744 Thread 0x000002086671e190 Unloading class 0x0000020801006800 'java/lang/invoke/LambdaForm$MH+0x0000020801006800'
Event: 8564.744 Thread 0x000002086671e190 Unloading class 0x0000020801006400 'java/lang/invoke/LambdaForm$MH+0x0000020801006400'
Event: 8564.744 Thread 0x000002086671e190 Unloading class 0x0000020801006000 'java/lang/invoke/LambdaForm$MH+0x0000020801006000'
Event: 8564.744 Thread 0x000002086671e190 Unloading class 0x0000020801005c00 'java/lang/invoke/LambdaForm$BMH+0x0000020801005c00'
Event: 8564.744 Thread 0x000002086671e190 Unloading class 0x0000020801004800 'java/lang/invoke/LambdaForm$DMH+0x0000020801004800'
Event: 8564.744 Thread 0x000002086671e190 Unloading class 0x0000020801002800 'java/lang/invoke/LambdaForm$MH+0x0000020801002800'
Event: 8564.744 Thread 0x000002086671e190 Unloading class 0x0000020801002400 'java/lang/invoke/LambdaForm$MH+0x0000020801002400'
Event: 8564.744 Thread 0x000002086671e190 Unloading class 0x0000020801002000 'java/lang/invoke/LambdaForm$MH+0x0000020801002000'
Event: 8564.744 Thread 0x000002086671e190 Unloading class 0x0000020801001800 'java/lang/invoke/LambdaForm$MH+0x0000020801001800'
Event: 8564.744 Thread 0x000002086671e190 Unloading class 0x0000020801000400 'java/lang/invoke/LambdaForm$MH+0x0000020801000400'

Classes redefined (0 events):
No events

Internal exceptions (20 events):
Event: 9531.645 Thread 0x000002084f97d410 Implicit null exception at 0x00000208719d70ee to 0x00000208719d7bb0
Event: 9531.645 Thread 0x000002084f97d410 Implicit null exception at 0x0000020871a44548 to 0x0000020871a44fd8
Event: 9548.462 Thread 0x000002084f97d410 Implicit null exception at 0x0000020871bb0a96 to 0x0000020871bb0d58
Event: 9548.462 Thread 0x000002084f97d410 Implicit null exception at 0x0000020871baa140 to 0x0000020871baa378
Event: 9548.462 Thread 0x000002084f97d410 Implicit null exception at 0x0000020871c40f76 to 0x0000020871c40f99
Event: 9548.481 Thread 0x000002084f97d410 Exception <a 'java/lang/NoSuchMethodError'{0x00000000d55a56b0}: 'java.lang.Object java.lang.invoke.DirectMethodHandle$Holder.invokeStatic(java.lang.Object, int, java.lang.Object)'> (0x00000000d55a56b0) 
thrown [s\src\hotspot\share\interpreter\linkResolver.cpp, line 773]
Event: 9566.476 Thread 0x000002084f97acb0 Exception <a 'java/lang/NoSuchMethodError'{0x00000000d55ce050}: 'java.lang.Object java.lang.invoke.DirectMethodHandle$Holder.newInvokeSpecial(java.lang.Object, java.lang.Object, int, java.lang.Object, java.lang.Object, java.lang.Object, java.lang.Object)'> (0x00000000d55ce050) 
thrown [s\src\hotspot\share\interpreter\linkResolver.cpp, line 773]
Event: 9587.058 Thread 0x000002084f97d410 Exception <a 'java/lang/ArrayIndexOutOfBoundsException'{0x00000000d55aeba0}> (0x00000000d55aeba0) 
thrown [s\src\hotspot\share\runtime\sharedRuntime.cpp, line 625]
Event: 9587.865 Thread 0x000002084f97d410 Implicit null exception at 0x000002087216623b to 0x0000020872167df0
Event: 9600.859 Thread 0x000002087f47ba30 Exception <a 'sun/nio/fs/WindowsException'{0x00000000d580b258}> (0x00000000d580b258) 
thrown [s\src\hotspot\share\prims\jni.cpp, line 520]
Event: 9602.227 Thread 0x000002087f47ba30 Exception <a 'sun/nio/fs/WindowsException'{0x00000000d558f540}> (0x00000000d558f540) 
thrown [s\src\hotspot\share\prims\jni.cpp, line 520]
Event: 9603.515 Thread 0x000002084f97e130 Exception <a 'sun/nio/fs/WindowsException'{0x00000000d596a4e0}> (0x00000000d596a4e0) 
thrown [s\src\hotspot\share\prims\jni.cpp, line 520]
Event: 9603.515 Thread 0x000002084f97e130 Exception <a 'sun/nio/fs/WindowsException'{0x00000000d596ada8}> (0x00000000d596ada8) 
thrown [s\src\hotspot\share\prims\jni.cpp, line 520]
Event: 9737.413 Thread 0x000002084f97acb0 Exception <a 'java/lang/NoSuchMethodError'{0x00000000d5882210}: 'void java.lang.invoke.DirectMethodHandle$Holder.invokeSpecial(java.lang.Object, java.lang.Object, int)'> (0x00000000d5882210) 
thrown [s\src\hotspot\share\interpreter\linkResolver.cpp, line 773]
Event: 9738.134 Thread 0x000002084f97acb0 Exception <a 'java/lang/NoSuchMethodError'{0x00000000d56f4258}: 'int java.lang.invoke.DirectMethodHandle$Holder.invokeVirtual(java.lang.Object, java.lang.Object, java.lang.Object, int)'> (0x00000000d56f4258) 
thrown [s\src\hotspot\share\interpreter\linkResolver.cpp, line 773]
Event: 9769.263 Thread 0x000002084fd4ec70 Exception <a 'java/lang/NoSuchMethodError'{0x00000000d565b9d8}: 'java.lang.Object java.lang.invoke.DirectMethodHandle$Holder.invokeStaticInit(java.lang.Object, java.lang.Object, int)'> (0x00000000d565b9d8) 
thrown [s\src\hotspot\share\interpreter\linkResolver.cpp, line 773]
Event: 10016.487 Thread 0x000002087f47cde0 Exception <a 'sun/nio/fs/WindowsException'{0x00000000d56d5c00}> (0x00000000d56d5c00) 
thrown [s\src\hotspot\share\prims\jni.cpp, line 520]
Event: 10016.487 Thread 0x000002087f47cde0 Exception <a 'sun/nio/fs/WindowsException'{0x00000000d56d64c8}> (0x00000000d56d64c8) 
thrown [s\src\hotspot\share\prims\jni.cpp, line 520]
Event: 14402.679 Thread 0x000002087f47cde0 Exception <a 'sun/nio/fs/WindowsException'{0x00000000d578e6f0}> (0x00000000d578e6f0) 
thrown [s\src\hotspot\share\prims\jni.cpp, line 520]
Event: 14402.688 Thread 0x000002087f47cde0 Exception <a 'sun/nio/fs/WindowsException'{0x00000000d578efb8}> (0x00000000d578efb8) 
thrown [s\src\hotspot\share\prims\jni.cpp, line 520]

ZGC Phase Switch (0 events):
No events

VM Operations (20 events):
Event: 17438.566 Executing VM operation: HandshakeAllThreads (HandshakeForDeflation)
Event: 17438.566 Executing VM operation: HandshakeAllThreads (HandshakeForDeflation) done
Event: 17438.566 Executing VM operation: RendezvousGCThreads
Event: 17438.566 Executing VM operation: RendezvousGCThreads done
Event: 17498.679 Executing VM operation: HandshakeAllThreads (HandshakeForDeflation)
Event: 17498.679 Executing VM operation: HandshakeAllThreads (HandshakeForDeflation) done
Event: 17498.679 Executing VM operation: RendezvousGCThreads
Event: 17498.679 Executing VM operation: RendezvousGCThreads done
Event: 17558.812 Executing VM operation: HandshakeAllThreads (HandshakeForDeflation)
Event: 17558.815 Executing VM operation: HandshakeAllThreads (HandshakeForDeflation) done
Event: 17558.815 Executing VM operation: RendezvousGCThreads
Event: 17558.815 Executing VM operation: RendezvousGCThreads done
Event: 17799.317 Executing VM operation: HandshakeAllThreads (HandshakeForDeflation)
Event: 17799.318 Executing VM operation: HandshakeAllThreads (HandshakeForDeflation) done
Event: 17799.318 Executing VM operation: RendezvousGCThreads
Event: 17799.318 Executing VM operation: RendezvousGCThreads done
Event: 17859.368 Executing VM operation: HandshakeAllThreads (HandshakeForDeflation)
Event: 17859.368 Executing VM operation: HandshakeAllThreads (HandshakeForDeflation) done
Event: 17859.368 Executing VM operation: RendezvousGCThreads
Event: 17859.368 Executing VM operation: RendezvousGCThreads done

Memory protections (0 events):
No events

Nmethod flushes (20 events):
Event: 8566.478 Thread 0x000002086671e190 flushing  nmethod 0x000002086b7f1710
Event: 8566.478 Thread 0x000002086671e190 flushing  nmethod 0x000002086b7f3410
Event: 8566.478 Thread 0x000002086671e190 flushing  nmethod 0x000002086b800590
Event: 8566.478 Thread 0x000002086671e190 flushing  nmethod 0x000002086b800c90
Event: 8566.478 Thread 0x000002086671e190 flushing  nmethod 0x000002086b803f90
Event: 8566.478 Thread 0x000002086671e190 flushing  nmethod 0x000002086b813090
Event: 8566.478 Thread 0x000002086671e190 flushing  nmethod 0x000002086b816310
Event: 8566.478 Thread 0x000002086671e190 flushing  nmethod 0x000002086b817a90
Event: 8566.478 Thread 0x000002086671e190 flushing  nmethod 0x000002086b82e290
Event: 8566.478 Thread 0x000002086671e190 flushing  nmethod 0x000002086b835a90
Event: 8566.478 Thread 0x000002086671e190 flushing  nmethod 0x000002086b835e90
Event: 8566.478 Thread 0x000002086671e190 flushing  nmethod 0x000002086b8ae490
Event: 8566.478 Thread 0x000002086671e190 flushing osr nmethod 0x000002086b96ad90
Event: 8566.478 Thread 0x000002086671e190 flushing  nmethod 0x000002086b971f90
Event: 8566.478 Thread 0x000002086671e190 flushing  nmethod 0x000002086b9b7c90
Event: 8566.478 Thread 0x000002086671e190 flushing  nmethod 0x000002086b9e3190
Event: 8566.478 Thread 0x000002086671e190 flushing  nmethod 0x000002086b9f8010
Event: 8566.478 Thread 0x000002086671e190 flushing  nmethod 0x000002086bab8d10
Event: 8566.478 Thread 0x000002086671e190 flushing  nmethod 0x000002086bb24990
Event: 8566.478 Thread 0x000002086671e190 flushing  nmethod 0x000002086bbc2410

Events (20 events):
Event: 9906.313 Thread 0x000002084fd4ec70 Thread exited: 0x000002084fd4ec70
Event: 9960.687 Thread 0x000002084f97a620 Thread added: 0x000002084fd4ec70
Event: 9960.687 Thread 0x000002084f97a620 Thread added: 0x000002084fd4f300
Event: 10016.493 Thread 0x000002087f47cde0 Thread added: 0x000002084fd52780
Event: 10016.498 Thread 0x000002084fd52780 Thread exited: 0x000002084fd52780
Event: 10016.585 Thread 0x000002087f47cde0 Thread added: 0x000002084fd52780
Event: 10016.587 Thread 0x000002084fd52780 Thread exited: 0x000002084fd52780
Event: 10016.709 Thread 0x000002087f47cde0 Thread added: 0x000002084fd52780
Event: 10026.735 Thread 0x000002084f97a620 Thread exited: 0x000002084f97a620
Event: 10076.718 Thread 0x000002084fd52780 Thread exited: 0x000002084fd52780
Event: 10086.743 Thread 0x000002084fd4ec70 Thread exited: 0x000002084fd4ec70
Event: 10146.751 Thread 0x000002084fd4f300 Thread exited: 0x000002084fd4f300
Event: 12547.013 Thread 0x00000208468df050 Thread added: 0x000002084fd4ec70
Event: 12547.033 Thread 0x00000208468df050 Thread added: 0x000002084fd4f300
Event: 12620.510 Thread 0x000002084fd4f300 Thread exited: 0x000002084fd4f300
Event: 12680.508 Thread 0x000002084fd4ec70 Thread exited: 0x000002084fd4ec70
Event: 14402.754 Thread 0x000002087f47cde0 Thread added: 0x000002084fd4ec70
Event: 14402.784 Thread 0x000002084fd4ec70 Thread exited: 0x000002084fd4ec70
Event: 14403.008 Thread 0x000002087f47cde0 Thread added: 0x000002084fd4ec70
Event: 14403.009 Thread 0x000002084fd4ec70 Thread exited: 0x000002084fd4ec70


Dynamic libraries:
0x00007ff7faa00000 - 0x00007ff7faa0e000 	c:\Users\DELL\.qoder\extensions\redhat.java-1.46.0-win32-x64\jre\21.0.8-win32-x86_64\bin\java.exe
0x00007ffebbc10000 - 0x00007ffebbe27000 	C:\WINDOWS\SYSTEM32\ntdll.dll
0x00007ffebaa00000 - 0x00007ffebaac4000 	C:\WINDOWS\System32\KERNEL32.DLL
0x00007ffeb9180000 - 0x00007ffeb9537000 	C:\WINDOWS\System32\KERNELBASE.dll
0x00007ffeb8f90000 - 0x00007ffeb90a1000 	C:\WINDOWS\System32\ucrtbase.dll
0x00007ffe7fb70000 - 0x00007ffe7fb88000 	c:\Users\DELL\.qoder\extensions\redhat.java-1.46.0-win32-x64\jre\21.0.8-win32-x86_64\bin\jli.dll
0x00007ffebb3b0000 - 0x00007ffebb55f000 	C:\WINDOWS\System32\USER32.dll
0x00007ffeb9720000 - 0x00007ffeb9746000 	C:\WINDOWS\System32\win32u.dll
0x00007ffebb560000 - 0x00007ffebb589000 	C:\WINDOWS\System32\GDI32.dll
0x00007ffeb9600000 - 0x00007ffeb9718000 	C:\WINDOWS\System32\gdi32full.dll
0x00007ffeb90e0000 - 0x00007ffeb917a000 	C:\WINDOWS\System32\msvcp_win.dll
0x00007ffe7f190000 - 0x00007ffe7f1ae000 	c:\Users\DELL\.qoder\extensions\redhat.java-1.46.0-win32-x64\jre\21.0.8-win32-x86_64\bin\VCRUNTIME140.dll
0x00007ffea6e70000 - 0x00007ffea7103000 	C:\WINDOWS\WinSxS\amd64_microsoft.windows.common-controls_6595b64144ccf1df_6.0.22621.3672_none_2713b9d173822955\COMCTL32.dll
0x00007ffebada0000 - 0x00007ffebae47000 	C:\WINDOWS\System32\msvcrt.dll
0x00007ffebafe0000 - 0x00007ffebb011000 	C:\WINDOWS\System32\IMM32.DLL
0x00007ffe90700000 - 0x00007ffe9070c000 	c:\Users\DELL\.qoder\extensions\redhat.java-1.46.0-win32-x64\jre\21.0.8-win32-x86_64\bin\vcruntime140_1.dll
0x00007ffe68f50000 - 0x00007ffe68fdd000 	c:\Users\DELL\.qoder\extensions\redhat.java-1.46.0-win32-x64\jre\21.0.8-win32-x86_64\bin\msvcp140.dll
0x00007ffdf3ed0000 - 0x00007ffdf4c67000 	c:\Users\DELL\.qoder\extensions\redhat.java-1.46.0-win32-x64\jre\21.0.8-win32-x86_64\bin\server\jvm.dll
0x00007ffeb9a50000 - 0x00007ffeb9b02000 	C:\WINDOWS\System32\ADVAPI32.dll
0x00007ffebac30000 - 0x00007ffebacd8000 	C:\WINDOWS\System32\sechost.dll
0x00007ffeb90b0000 - 0x00007ffeb90d8000 	C:\WINDOWS\System32\bcrypt.dll
0x00007ffeb9b10000 - 0x00007ffeb9c24000 	C:\WINDOWS\System32\RPCRT4.dll
0x00007ffebae50000 - 0x00007ffebaec1000 	C:\WINDOWS\System32\WS2_32.dll
0x00007ffeb8df0000 - 0x00007ffeb8e3d000 	C:\WINDOWS\SYSTEM32\POWRPROF.dll
0x00007ffeb4a30000 - 0x00007ffeb4a64000 	C:\WINDOWS\SYSTEM32\WINMM.dll
0x00007ffeaf970000 - 0x00007ffeaf97a000 	C:\WINDOWS\SYSTEM32\VERSION.dll
0x00007ffeb8dd0000 - 0x00007ffeb8de3000 	C:\WINDOWS\SYSTEM32\UMPDC.dll
0x00007ffeb7f30000 - 0x00007ffeb7f48000 	C:\WINDOWS\SYSTEM32\kernel.appcore.dll
0x00007ffe8df20000 - 0x00007ffe8df2a000 	c:\Users\DELL\.qoder\extensions\redhat.java-1.46.0-win32-x64\jre\21.0.8-win32-x86_64\bin\jimage.dll
0x00007ffeb5cb0000 - 0x00007ffeb5ee2000 	C:\WINDOWS\SYSTEM32\DBGHELP.DLL
0x00007ffebb020000 - 0x00007ffebb3ae000 	C:\WINDOWS\System32\combase.dll
0x00007ffebaed0000 - 0x00007ffebafa7000 	C:\WINDOWS\System32\OLEAUT32.dll
0x00007ffea2fb0000 - 0x00007ffea2fe2000 	C:\WINDOWS\SYSTEM32\dbgcore.DLL
0x00007ffeb9750000 - 0x00007ffeb97cb000 	C:\WINDOWS\System32\bcryptPrimitives.dll
0x00007ffe8b380000 - 0x00007ffe8b38f000 	c:\Users\DELL\.qoder\extensions\redhat.java-1.46.0-win32-x64\jre\21.0.8-win32-x86_64\bin\instrument.dll
0x00007ffe7ea90000 - 0x00007ffe7eaaf000 	c:\Users\DELL\.qoder\extensions\redhat.java-1.46.0-win32-x64\jre\21.0.8-win32-x86_64\bin\java.dll
0x00007ffeb9fe0000 - 0x00007ffeba849000 	C:\WINDOWS\System32\SHELL32.dll
0x00007ffeb6e40000 - 0x00007ffeb773f000 	C:\WINDOWS\SYSTEM32\windows.storage.dll
0x00007ffeb6d00000 - 0x00007ffeb6e3f000 	C:\WINDOWS\SYSTEM32\wintypes.dll
0x00007ffeb9ce0000 - 0x00007ffeb9dd9000 	C:\WINDOWS\System32\SHCORE.dll
0x00007ffebace0000 - 0x00007ffebad3e000 	C:\WINDOWS\System32\shlwapi.dll
0x00007ffeb8e50000 - 0x00007ffeb8e77000 	C:\WINDOWS\SYSTEM32\profapi.dll
0x00007ffe7e2a0000 - 0x00007ffe7e2b8000 	c:\Users\DELL\.qoder\extensions\redhat.java-1.46.0-win32-x64\jre\21.0.8-win32-x86_64\bin\zip.dll
0x00007ffe88570000 - 0x00007ffe88580000 	C:\Users\DELL\.qoder\extensions\redhat.java-1.46.0-win32-x64\jre\21.0.8-win32-x86_64\bin\net.dll
0x00007ffeb2b50000 - 0x00007ffeb2c86000 	C:\WINDOWS\SYSTEM32\WINHTTP.dll
0x00007ffeb83a0000 - 0x00007ffeb8409000 	C:\WINDOWS\system32\mswsock.dll
0x00007ffe7e280000 - 0x00007ffe7e296000 	C:\Users\DELL\.qoder\extensions\redhat.java-1.46.0-win32-x64\jre\21.0.8-win32-x86_64\bin\nio.dll
0x00007ffe88520000 - 0x00007ffe88530000 	c:\Users\DELL\.qoder\extensions\redhat.java-1.46.0-win32-x64\jre\21.0.8-win32-x86_64\bin\verify.dll
0x00007ffe7f480000 - 0x00007ffe7f4c4000 	C:\Users\DELL\AppData\Roaming\Qoder\User\globalStorage\redhat.java\1.46.0\config_win\org.eclipse.equinox.launcher\org.eclipse.equinox.launcher.win32.win32.x86_64_1.2.1400.v20250801-0854\eclipse_11916.dll
0x00007ffeba850000 - 0x00007ffeba9f5000 	C:\WINDOWS\System32\ole32.dll
0x00007ffeb85d0000 - 0x00007ffeb85eb000 	C:\WINDOWS\SYSTEM32\CRYPTSP.dll
0x00007ffeb7e90000 - 0x00007ffeb7ec5000 	C:\WINDOWS\system32\rsaenh.dll
0x00007ffeb8460000 - 0x00007ffeb8488000 	C:\WINDOWS\SYSTEM32\USERENV.dll
0x00007ffeb85f0000 - 0x00007ffeb85fc000 	C:\WINDOWS\SYSTEM32\CRYPTBASE.dll
0x00007ffeb79a0000 - 0x00007ffeb79cd000 	C:\WINDOWS\SYSTEM32\IPHLPAPI.DLL
0x00007ffeb9e40000 - 0x00007ffeb9e49000 	C:\WINDOWS\System32\NSI.dll
0x00007ffe7f3e0000 - 0x00007ffe7f429000 	C:\Users\DELL\AppData\Local\Temp\jna-2094529\jna10279289751909863423.dll
0x00007ffeb9fd0000 - 0x00007ffeb9fd8000 	C:\WINDOWS\System32\PSAPI.DLL
0x00007ffeb29e0000 - 0x00007ffeb29f9000 	C:\WINDOWS\SYSTEM32\dhcpcsvc6.DLL
0x00007ffeb29c0000 - 0x00007ffeb29df000 	C:\WINDOWS\SYSTEM32\dhcpcsvc.DLL
0x00007ffe884e0000 - 0x00007ffe884ee000 	C:\Users\DELL\.qoder\extensions\redhat.java-1.46.0-win32-x64\jre\21.0.8-win32-x86_64\bin\sunmscapi.dll
0x00007ffeb97d0000 - 0x00007ffeb9936000 	C:\WINDOWS\System32\CRYPT32.dll
0x00007ffeb87f0000 - 0x00007ffeb881d000 	C:\WINDOWS\SYSTEM32\ncrypt.dll
0x00007ffeb87b0000 - 0x00007ffeb87e7000 	C:\WINDOWS\SYSTEM32\NTASN1.dll
0x00007ffeb7a10000 - 0x00007ffeb7b12000 	C:\WINDOWS\SYSTEM32\DNSAPI.dll
0x00007ffea85d0000 - 0x00007ffea85da000 	C:\Windows\System32\rasadhlp.dll
0x00007ffeb1270000 - 0x00007ffeb12f3000 	C:\WINDOWS\System32\fwpuclnt.dll
0x00007ffe884d0000 - 0x00007ffe884d9000 	C:\Users\DELL\.qoder\extensions\redhat.java-1.46.0-win32-x64\jre\21.0.8-win32-x86_64\bin\extnet.dll
0x00007ffeb8050000 - 0x00007ffeb8084000 	C:\WINDOWS\SYSTEM32\ntmarta.dll
0x00007ffe398c0000 - 0x00007ffe398c8000 	C:\WINDOWS\system32\wshunix.dll

JVMTI agents:
c:\Users\DELL\.qoder\extensions\redhat.java-1.46.0-win32-x64\lombok\lombok-1.18.39-4050.jar path:c:\Users\DELL\.qoder\extensions\redhat.java-1.46.0-win32-x64\jre\21.0.8-win32-x86_64\bin\instrument.dll, loaded, initialized, instrumentlib options:none

dbghelp: loaded successfully - version: 4.0.5 - missing functions: none
symbol engine: initialized successfully - sym options: 0x614 - pdb path: .;c:\Users\DELL\.qoder\extensions\redhat.java-1.46.0-win32-x64\jre\21.0.8-win32-x86_64\bin;C:\WINDOWS\SYSTEM32;C:\WINDOWS\WinSxS\amd64_microsoft.windows.common-controls_6595b64144ccf1df_6.0.22621.3672_none_2713b9d173822955;c:\Users\DELL\.qoder\extensions\redhat.java-1.46.0-win32-x64\jre\21.0.8-win32-x86_64\bin\server;C:\Users\DELL\AppData\Roaming\Qoder\User\globalStorage\redhat.java\1.46.0\config_win\org.eclipse.equinox.launcher\org.eclipse.equinox.launcher.win32.win32.x86_64_1.2.1400.v20250801-0854;C:\Users\DELL\AppData\Local\Temp\jna-2094529

VM Arguments:
jvm_args: --add-modules=ALL-SYSTEM --add-opens=java.base/java.util=ALL-UNNAMED --add-opens=java.base/java.lang=ALL-UNNAMED --add-opens=java.base/sun.nio.fs=ALL-UNNAMED -Declipse.application=org.eclipse.jdt.ls.core.id1 -Dosgi.bundles.defaultStartLevel=4 -Declipse.product=org.eclipse.jdt.ls.core.product -Djava.import.generatesMetadataFilesAtProjectRoot=false -DDetectVMInstallationsJob.disabled=true -Dfile.encoding=utf8 -XX:+UseParallelGC -XX:GCTimeRatio=4 -XX:AdaptiveSizePolicyWeight=90 -Dsun.zip.disableMemoryMapping=true -Xmx2G -Xms100m -Xlog:disable -javaagent:c:\Users\DELL\.qoder\extensions\redhat.java-1.46.0-win32-x64\lombok\lombok-1.18.39-4050.jar -XX:+HeapDumpOnOutOfMemoryError -XX:HeapDumpPath=c:\Users\DELL\AppData\Roaming\Qoder\User\workspaceStorage\82151dba4cb47fcb4c8dced761f4f6fd\redhat.java -Daether.dependencyCollector.impl=bf 
java_command: c:\Users\DELL\.qoder\extensions\redhat.java-1.46.0-win32-x64\server\plugins\org.eclipse.equinox.launcher_1.7.0.v20250519-0528.jar -configuration c:\Users\DELL\AppData\Roaming\Qoder\User\globalStorage\redhat.java\1.46.0\config_win -data c:\Users\DELL\AppData\Roaming\Qoder\User\workspaceStorage\82151dba4cb47fcb4c8dced761f4f6fd\redhat.java\jdt_ws --pipe=\\.\pipe\lsp-ab14f59a279ecb821735e59def5e5908-sock
java_class_path (initial): c:\Users\DELL\.qoder\extensions\redhat.java-1.46.0-win32-x64\server\plugins\org.eclipse.equinox.launcher_1.7.0.v20250519-0528.jar
Launcher Type: SUN_STANDARD

[Global flags]
    uintx AdaptiveSizePolicyWeight                 = 90                                        {product} {command line}
     intx CICompilerCount                          = 3                                         {product} {ergonomic}
    uintx GCTimeRatio                              = 4                                         {product} {command line}
     bool HeapDumpOnOutOfMemoryError               = true                                   {manageable} {command line}
    ccstr HeapDumpPath                             = c:\Users\DELL\AppData\Roaming\Qoder\User\workspaceStorage\82151dba4cb47fcb4c8dced761f4f6fd\redhat.java         {manageable} {command line}
   size_t InitialHeapSize                          = 104857600                                 {product} {command line}
   size_t MaxHeapSize                              = 2147483648                                {product} {command line}
   size_t MaxNewSize                               = 715653120                                 {product} {ergonomic}
   size_t MinHeapDeltaBytes                        = 524288                                    {product} {ergonomic}
   size_t MinHeapSize                              = 104857600                                 {product} {command line}
   size_t NewSize                                  = 34603008                                  {product} {ergonomic}
    uintx NonNMethodCodeHeapSize                   = 5832780                                {pd product} {ergonomic}
    uintx NonProfiledCodeHeapSize                  = 122912730                              {pd product} {ergonomic}
   size_t OldSize                                  = 70254592                                  {product} {ergonomic}
    uintx ProfiledCodeHeapSize                     = 122912730                              {pd product} {ergonomic}
    uintx ReservedCodeCacheSize                    = 251658240                              {pd product} {ergonomic}
     bool SegmentedCodeCache                       = true                                      {product} {ergonomic}
   size_t SoftMaxHeapSize                          = 2147483648                             {manageable} {ergonomic}
     bool UseCompressedOops                        = true                           {product lp64_product} {ergonomic}
     bool UseLargePagesIndividualAllocation        = false                                  {pd product} {ergonomic}
     bool UseParallelGC                            = true                                      {product} {command line}

Logging:
Log output configuration:
 #0: stdout all=off uptime,level,tags foldmultilines=false
 #1: stderr all=off uptime,level,tags foldmultilines=false

Environment Variables:
PATH=C:\Program Files\Common Files\Oracle\Java\javapath;C:\WINDOWS\system32;C:\WINDOWS;C:\WINDOWS\System32\Wbem;C:\WINDOWS\System32\WindowsPowerShell\v1.0\;C:\WINDOWS\System32\OpenSSH\;C:\Program Files\nodejs\;C:\Program Files\Go\bin;C:\ProgramData\chocolatey\bin;C:\Program Files\Git\cmd;C:\Users\DELL\.local\bin;C:\Users\DELL\AppData\Local\Programs\Python\Launcher\;C:\Users\DELL\AppData\Local\Microsoft\WindowsApps;C:\Users\DELL\AppData\Roaming\npm;C:\Users\DELL\AppData\Local\GitHubDesktop\bin;C:\Program Files\PostgreSQL\15\bin;C:\Users\DELL\go\bin;C:\Users\DELL\.dotnet\tools;0x2ffa906e893b644f11f8a64d450219a20cde2f9d54267f4c04257049675ff95e;C:\Users\DELL\AppData\Local\Programs\Microsoft VS Code\bin;C:\Users\DELL\AppData\Local\Programs\Qoder\bin;C:\Users\DELL\AppData\Local\Programs\Kiro\bin
USERNAME=DELL
OS=Windows_NT
PROCESSOR_IDENTIFIER=Intel64 Family 6 Model 78 Stepping 3, GenuineIntel
TMP=C:\Users\DELL\AppData\Local\Temp
TEMP=C:\Users\DELL\AppData\Local\Temp




Periodic native trim disabled

---------------  S Y S T E M  ---------------

OS:
 Windows 11 , 64 bit Build 22621 (10.0.22621.3958)
OS uptime: 0 days 7:38 hours
Hyper-V role detected

CPU: total 4 (initial active 4) (2 cores per cpu, 2 threads per core) family 6 model 78 stepping 3 microcode 0xf0, cx8, cmov, fxsr, ht, mmx, 3dnowpref, sse, sse2, sse3, ssse3, sse4.1, sse4.2, popcnt, lzcnt, tsc, tscinvbit, avx, avx2, aes, erms, clmul, bmi1, bmi2, rtm, adx, fma, vzeroupper, clflush, clflushopt, hv, rdtscp, f16c
Processor Information for the first 4 processors :
  Max Mhz: 2501, Current Mhz: 2501, Mhz Limit: 2501

Memory: 4k page, system-wide physical 8050M (138M free)
TotalPageFile size 22633M (AvailPageFile size 7M)
current process WorkingSet (physical memory assigned to process): 12M, peak: 866M
current process commit charge ("private bytes"): 1509M, peak: 1717M

vm_info: OpenJDK 64-Bit Server VM (21.0.8+9-LTS) for windows-amd64 JRE (21.0.8+9-LTS), built on 2025-07-15T00:00:00Z by "admin" with MS VC++ 17.7 (VS2022)

END.
