#
# There is insufficient memory for the Java Runtime Environment to continue.
# Native memory allocation (malloc) failed to allocate 865456 bytes for Chunk::new
# Possible reasons:
#   The system is out of physical RAM or swap space
#   The process is running with CompressedOops enabled, and the Java Heap may be blocking the growth of the native heap
# Possible solutions:
#   Reduce memory load on the system
#   Increase physical memory or swap space
#   Check if swap backing store is full
#   Decrease Java heap size (-Xmx/-Xms)
#   Decrease number of Java threads
#   Decrease Java thread stack sizes (-Xss)
#   Set larger code cache with -XX:ReservedCodeCacheSize=
#   JVM is running with Unscaled Compressed Oops mode in which the Java heap is
#     placed in the first 4GB address space. The Java Heap base address is the
#     maximum limit for the native heap growth. Please use -XX:HeapBaseMinAddress
#     to set the Java Heap base and to place the Java Heap above 4GB virtual address.
# This output file may be truncated or incomplete.
#
#  Out of Memory Error (arena.cpp:168), pid=20032, tid=18988
#
# JRE version: Java(TM) SE Runtime Environment (21.0.6+8) (build 21.0.6+8-LTS-188)
# Java VM: Java HotSpot(TM) 64-Bit Server VM (21.0.6+8-LTS-188, mixed mode, sharing, tiered, compressed oops, compressed class ptrs, g1 gc, windows-amd64)
# No core dump will be written. Minidumps are not enabled by default on client versions of Windows
#

---------------  S U M M A R Y ------------

Command Line: -javaagent:C:\Program Files\JetBrains\IntelliJ IDEA 2025.1.4.1\lib\idea_rt.jar=54893 -Dfile.encoding=UTF-8 -Dsun.stdout.encoding=UTF-8 -Dsun.stderr.encoding=UTF-8 org.group6.fastservices.FastServicesApplication

Host: Intel(R) Core(TM) i5-6300U CPU @ 2.40GHz, 4 cores, 7G,  Windows 11 , 64 bit Build 22621 (10.0.22621.3958)
Time: Fri Oct 24 01:56:55 2025 W. Central Africa Standard Time elapsed time: 16.349529 seconds (0d 0h 0m 16s)

---------------  T H R E A D  ---------------

Current thread (0x000001f77261af40):  JavaThread "C2 CompilerThread0" daemon [_thread_in_native, id=18988, stack(0x000000f688500000,0x000000f688600000) (1024K)]


Current CompileTask:
C2:  16349 4781       4       jdk.internal.loader.ClassLoaders$AppClassLoader::loadClass (40 bytes)

Stack: [0x000000f688500000,0x000000f688600000]
Native frames: (J=compiled Java code, j=interpreted, Vv=VM code, C=native code)
V  [jvm.dll+0x6ca6d9]
V  [jvm.dll+0x854f51]
V  [jvm.dll+0x85747e]
V  [jvm.dll+0x857b53]
V  [jvm.dll+0x27dcc6]
V  [jvm.dll+0xc4c2d]
V  [jvm.dll+0xc5163]
V  [jvm.dll+0x2f0fbd]
V  [jvm.dll+0x5f546a]
V  [jvm.dll+0x24f8a2]
V  [jvm.dll+0x24fc5f]
V  [jvm.dll+0x248764]
V  [jvm.dll+0x245df4]
V  [jvm.dll+0x1c6d2e]
V  [jvm.dll+0x2554f9]
V  [jvm.dll+0x253a8a]
V  [jvm.dll+0x3ee576]
V  [jvm.dll+0x7ff2fb]
V  [jvm.dll+0x6c8dbd]
C  [ucrtbase.dll+0x29333]
C  [KERNEL32.DLL+0x1257d]
C  [ntdll.dll+0x5af08]


---------------  P R O C E S S  ---------------

Threads class SMR info:
_java_thread_list=0x000001f77888b980, length=14, elements={
0x000001f756572200, 0x000001f7726103a0, 0x000001f7726132c0, 0x000001f772615080,
0x000001f772617be0, 0x000001f772618630, 0x000001f772619080, 0x000001f77261af40,
0x000001f77263cc10, 0x000001f7725e80d0, 0x000001f772ad4850, 0x000001f772b78d20,
0x000001f77753e4d0, 0x000001f7777c8420
}

Java Threads: ( => current thread )
  0x000001f756572200 JavaThread "main"                              [_thread_blocked, id=3172, stack(0x000000f687700000,0x000000f687800000) (1024K)]
  0x000001f7726103a0 JavaThread "Reference Handler"          daemon [_thread_blocked, id=13116, stack(0x000000f687f00000,0x000000f688000000) (1024K)]
  0x000001f7726132c0 JavaThread "Finalizer"                  daemon [_thread_blocked, id=3552, stack(0x000000f688000000,0x000000f688100000) (1024K)]
  0x000001f772615080 JavaThread "Signal Dispatcher"          daemon [_thread_blocked, id=12940, stack(0x000000f688100000,0x000000f688200000) (1024K)]
  0x000001f772617be0 JavaThread "Attach Listener"            daemon [_thread_blocked, id=23184, stack(0x000000f688200000,0x000000f688300000) (1024K)]
  0x000001f772618630 JavaThread "Service Thread"             daemon [_thread_blocked, id=15544, stack(0x000000f688300000,0x000000f688400000) (1024K)]
  0x000001f772619080 JavaThread "Monitor Deflation Thread"   daemon [_thread_blocked, id=24300, stack(0x000000f688400000,0x000000f688500000) (1024K)]
=>0x000001f77261af40 JavaThread "C2 CompilerThread0"         daemon [_thread_in_native, id=18988, stack(0x000000f688500000,0x000000f688600000) (1024K)]
  0x000001f77263cc10 JavaThread "C1 CompilerThread0"         daemon [_thread_blocked, id=20680, stack(0x000000f688600000,0x000000f688700000) (1024K)]
  0x000001f7725e80d0 JavaThread "Common-Cleaner"             daemon [_thread_blocked, id=20556, stack(0x000000f688700000,0x000000f688800000) (1024K)]
  0x000001f772ad4850 JavaThread "Monitor Ctrl-Break"         daemon [_thread_in_native, id=9812, stack(0x000000f688800000,0x000000f688900000) (1024K)]
  0x000001f772b78d20 JavaThread "Notification Thread"        daemon [_thread_blocked, id=23476, stack(0x000000f688900000,0x000000f688a00000) (1024K)]
  0x000001f77753e4d0 JavaThread "Thread-0"                          [_thread_blocked, id=11192, stack(0x000000f688e00000,0x000000f688f00000) (1024K)]
  0x000001f7777c8420 JavaThread "restartedMain"                     [_thread_in_vm, id=20592, stack(0x000000f688f00000,0x000000f689000000) (1024K)]
Total: 14

Other Threads:
  0x000001f7725f94f0 VMThread "VM Thread"                           [id=17040, stack(0x000000f687e00000,0x000000f687f00000) (1024K)]
  0x000001f7725e74f0 WatcherThread "VM Periodic Task Thread"        [id=14524, stack(0x000000f687d00000,0x000000f687e00000) (1024K)]
  0x000001f7565c8580 WorkerThread "GC Thread#0"                     [id=15484, stack(0x000000f687800000,0x000000f687900000) (1024K)]
  0x000001f777378cb0 WorkerThread "GC Thread#1"                     [id=17832, stack(0x000000f688b00000,0x000000f688c00000) (1024K)]
  0x000001f777379050 WorkerThread "GC Thread#2"                     [id=9220, stack(0x000000f688c00000,0x000000f688d00000) (1024K)]
  0x000001f7775c1620 WorkerThread "GC Thread#3"                     [id=22424, stack(0x000000f688d00000,0x000000f688e00000) (1024K)]
  0x000001f7565d9120 ConcurrentGCThread "G1 Main Marker"            [id=18920, stack(0x000000f687900000,0x000000f687a00000) (1024K)]
  0x000001f7565d9c20 WorkerThread "G1 Conc#0"                       [id=16788, stack(0x000000f687a00000,0x000000f687b00000) (1024K)]
  0x000001f7724b9510 ConcurrentGCThread "G1 Refine#0"               [id=19168, stack(0x000000f687b00000,0x000000f687c00000) (1024K)]
  0x000001f7724b9e90 ConcurrentGCThread "G1 Service"                [id=21012, stack(0x000000f687c00000,0x000000f687d00000) (1024K)]
Total: 10

Threads with active compile tasks:
C2 CompilerThread0    16416 4781       4       jdk.internal.loader.ClassLoaders$AppClassLoader::loadClass (40 bytes)
Total: 1

VM state: not at safepoint (normal execution)

VM Mutex/Monitor currently owned by a thread: None

Heap address: 0x0000000082200000, size: 2014 MB, Compressed Oops mode: 32-bit

CDS archive(s) mapped at: [0x000001f700000000-0x000001f700c90000-0x000001f700c90000), size 13172736, SharedBaseAddress: 0x000001f700000000, ArchiveRelocationMode: 1.
Compressed class space mapped at: 0x000001f701000000-0x000001f741000000, reserved size: 1073741824
Narrow klass base: 0x000001f700000000, Narrow klass shift: 0, Narrow klass range: 0x100000000

GC Precious Log:
 CardTable entry size: 512
 Card Set container configuration: InlinePtr #cards 5 size 8 Array Of Cards #cards 12 size 40 Howl #buckets 4 coarsen threshold 1843 Howl Bitmap #cards 512 size 80 coarsen threshold 460 Card regions per heap region 1 cards per card region 2048
 CPUs: 4 total, 4 available
 Memory: 8050M
 Large Page Support: Disabled
 NUMA Support: Disabled
 Compressed Oops: Enabled (32-bit)
 Heap Region Size: 1M
 Heap Min Capacity: 8M
 Heap Initial Capacity: 126M
 Heap Max Capacity: 2014M
 Pre-touch: Disabled
 Parallel Workers: 4
 Concurrent Workers: 1
 Concurrent Refinement Workers: 4
 Periodic GC: Disabled

Heap:
 garbage-first heap   total 51200K, used 25402K [0x0000000082200000, 0x0000000100000000)
  region size 1024K, 5 young (5120K), 2 survivors (2048K)
 Metaspace       used 35177K, committed 35712K, reserved 1114112K
  class space    used 4491K, committed 4736K, reserved 1048576K

Heap Regions: E=young(eden), S=young(survivor), O=old, HS=humongous(starts), HC=humongous(continues), CS=collection set, F=free, TAMS=top-at-mark-start, PB=parsable bottom
|   0|0x0000000082200000, 0x0000000082300000, 0x0000000082300000|100%|HS|  |TAMS 0x0000000082200000| PB 0x0000000082200000| Complete 
|   1|0x0000000082300000, 0x0000000082400000, 0x0000000082400000|100%|HS|  |TAMS 0x0000000082300000| PB 0x0000000082300000| Complete 
|   2|0x0000000082400000, 0x0000000082500000, 0x0000000082500000|100%| O|  |TAMS 0x0000000082400000| PB 0x0000000082400000| Untracked 
|   3|0x0000000082500000, 0x0000000082600000, 0x0000000082600000|100%| O|  |TAMS 0x0000000082500000| PB 0x0000000082500000| Untracked 
|   4|0x0000000082600000, 0x0000000082700000, 0x0000000082700000|100%| O|  |TAMS 0x0000000082600000| PB 0x0000000082600000| Untracked 
|   5|0x0000000082700000, 0x0000000082800000, 0x0000000082800000|100%| O|  |TAMS 0x0000000082700000| PB 0x0000000082700000| Untracked 
|   6|0x0000000082800000, 0x0000000082900000, 0x0000000082900000|100%| O|  |TAMS 0x0000000082800000| PB 0x0000000082800000| Untracked 
|   7|0x0000000082900000, 0x0000000082a00000, 0x0000000082a00000|100%| O|  |TAMS 0x0000000082900000| PB 0x0000000082900000| Untracked 
|   8|0x0000000082a00000, 0x0000000082b00000, 0x0000000082b00000|100%| O|  |TAMS 0x0000000082a00000| PB 0x0000000082a00000| Untracked 
|   9|0x0000000082b00000, 0x0000000082c00000, 0x0000000082c00000|100%| O|  |TAMS 0x0000000082b00000| PB 0x0000000082b00000| Untracked 
|  10|0x0000000082c00000, 0x0000000082d00000, 0x0000000082d00000|100%| O|  |TAMS 0x0000000082c00000| PB 0x0000000082c00000| Untracked 
|  11|0x0000000082d00000, 0x0000000082e00000, 0x0000000082e00000|100%| O|  |TAMS 0x0000000082d00000| PB 0x0000000082d00000| Untracked 
|  12|0x0000000082e00000, 0x0000000082f00000, 0x0000000082f00000|100%| O|  |TAMS 0x0000000082e00000| PB 0x0000000082e00000| Untracked 
|  13|0x0000000082f00000, 0x0000000083000000, 0x0000000083000000|100%| O|  |TAMS 0x0000000082f00000| PB 0x0000000082f00000| Untracked 
|  14|0x0000000083000000, 0x0000000083100000, 0x0000000083100000|100%| O|  |TAMS 0x0000000083000000| PB 0x0000000083000000| Untracked 
|  15|0x0000000083100000, 0x0000000083200000, 0x0000000083200000|100%| O|  |TAMS 0x0000000083100000| PB 0x0000000083100000| Untracked 
|  16|0x0000000083200000, 0x0000000083300000, 0x0000000083300000|100%| O|  |TAMS 0x0000000083200000| PB 0x0000000083200000| Untracked 
|  17|0x0000000083300000, 0x0000000083400000, 0x0000000083400000|100%| O|  |TAMS 0x0000000083300000| PB 0x0000000083300000| Untracked 
|  18|0x0000000083400000, 0x0000000083500000, 0x0000000083500000|100%| O|  |TAMS 0x0000000083400000| PB 0x0000000083400000| Untracked 
|  19|0x0000000083500000, 0x00000000835d0ab8, 0x0000000083600000| 81%| O|  |TAMS 0x0000000083500000| PB 0x0000000083500000| Untracked 
|  20|0x0000000083600000, 0x0000000083700000, 0x0000000083700000|100%| O|  |TAMS 0x0000000083600000| PB 0x0000000083600000| Untracked 
|  21|0x0000000083700000, 0x0000000083700000, 0x0000000083800000|  0%| F|  |TAMS 0x0000000083700000| PB 0x0000000083700000| Untracked 
|  22|0x0000000083800000, 0x0000000083800000, 0x0000000083900000|  0%| F|  |TAMS 0x0000000083800000| PB 0x0000000083800000| Untracked 
|  23|0x0000000083900000, 0x0000000083900000, 0x0000000083a00000|  0%| F|  |TAMS 0x0000000083900000| PB 0x0000000083900000| Untracked 
|  24|0x0000000083a00000, 0x0000000083a00000, 0x0000000083b00000|  0%| F|  |TAMS 0x0000000083a00000| PB 0x0000000083a00000| Untracked 
|  25|0x0000000083b00000, 0x0000000083b00000, 0x0000000083c00000|  0%| F|  |TAMS 0x0000000083b00000| PB 0x0000000083b00000| Untracked 
|  26|0x0000000083c00000, 0x0000000083c00000, 0x0000000083d00000|  0%| F|  |TAMS 0x0000000083c00000| PB 0x0000000083c00000| Untracked 
|  27|0x0000000083d00000, 0x0000000083d00000, 0x0000000083e00000|  0%| F|  |TAMS 0x0000000083d00000| PB 0x0000000083d00000| Untracked 
|  28|0x0000000083e00000, 0x0000000083efe0e8, 0x0000000083f00000| 99%| S|CS|TAMS 0x0000000083e00000| PB 0x0000000083e00000| Complete 
|  29|0x0000000083f00000, 0x0000000084000000, 0x0000000084000000|100%| S|CS|TAMS 0x0000000083f00000| PB 0x0000000083f00000| Complete 
|  30|0x0000000084000000, 0x0000000084000000, 0x0000000084100000|  0%| F|  |TAMS 0x0000000084000000| PB 0x0000000084000000| Untracked 
|  31|0x0000000084100000, 0x0000000084100000, 0x0000000084200000|  0%| F|  |TAMS 0x0000000084100000| PB 0x0000000084100000| Untracked 
|  32|0x0000000084200000, 0x0000000084200000, 0x0000000084300000|  0%| F|  |TAMS 0x0000000084200000| PB 0x0000000084200000| Untracked 
|  33|0x0000000084300000, 0x0000000084300000, 0x0000000084400000|  0%| F|  |TAMS 0x0000000084300000| PB 0x0000000084300000| Untracked 
|  34|0x0000000084400000, 0x0000000084400000, 0x0000000084500000|  0%| F|  |TAMS 0x0000000084400000| PB 0x0000000084400000| Untracked 
|  35|0x0000000084500000, 0x0000000084500000, 0x0000000084600000|  0%| F|  |TAMS 0x0000000084500000| PB 0x0000000084500000| Untracked 
|  36|0x0000000084600000, 0x0000000084600000, 0x0000000084700000|  0%| F|  |TAMS 0x0000000084600000| PB 0x0000000084600000| Untracked 
|  37|0x0000000084700000, 0x0000000084700000, 0x0000000084800000|  0%| F|  |TAMS 0x0000000084700000| PB 0x0000000084700000| Untracked 
|  38|0x0000000084800000, 0x0000000084800000, 0x0000000084900000|  0%| F|  |TAMS 0x0000000084800000| PB 0x0000000084800000| Untracked 
|  39|0x0000000084900000, 0x0000000084900000, 0x0000000084a00000|  0%| F|  |TAMS 0x0000000084900000| PB 0x0000000084900000| Untracked 
|  40|0x0000000084a00000, 0x0000000084a00000, 0x0000000084b00000|  0%| F|  |TAMS 0x0000000084a00000| PB 0x0000000084a00000| Untracked 
|  41|0x0000000084b00000, 0x0000000084b00000, 0x0000000084c00000|  0%| F|  |TAMS 0x0000000084b00000| PB 0x0000000084b00000| Untracked 
|  42|0x0000000084c00000, 0x0000000084c00000, 0x0000000084d00000|  0%| F|  |TAMS 0x0000000084c00000| PB 0x0000000084c00000| Untracked 
|  84|0x0000000087600000, 0x0000000087600000, 0x0000000087700000|  0%| F|  |TAMS 0x0000000087600000| PB 0x0000000087600000| Untracked 
|  85|0x0000000087700000, 0x0000000087700000, 0x0000000087800000|  0%| F|  |TAMS 0x0000000087700000| PB 0x0000000087700000| Untracked 
|  86|0x0000000087800000, 0x0000000087800000, 0x0000000087900000|  0%| F|  |TAMS 0x0000000087800000| PB 0x0000000087800000| Untracked 
|  91|0x0000000087d00000, 0x0000000087d00000, 0x0000000087e00000|  0%| F|  |TAMS 0x0000000087d00000| PB 0x0000000087d00000| Untracked 
|  92|0x0000000087e00000, 0x0000000087e5fb90, 0x0000000087f00000| 37%| E|  |TAMS 0x0000000087e00000| PB 0x0000000087e00000| Complete 
|  93|0x0000000087f00000, 0x0000000088000000, 0x0000000088000000|100%| E|CS|TAMS 0x0000000087f00000| PB 0x0000000087f00000| Complete 
|  94|0x0000000088000000, 0x0000000088100000, 0x0000000088100000|100%| E|CS|TAMS 0x0000000088000000| PB 0x0000000088000000| Complete 

Card table byte_map: [0x000001f76dde0000,0x000001f76e1d0000] _byte_map_base: 0x000001f76d9cf000

Marking Bits: (CMBitMap*) 0x000001f7565c8c80
 Bits: [0x000001f76e1d0000, 0x000001f770148000)

Polling page: 0x000001f754430000

Metaspace:

Usage:
  Non-class:     29.98 MB used.
      Class:      4.39 MB used.
       Both:     34.37 MB used.

Virtual space:
  Non-class space:       64.00 MB reserved,      30.31 MB ( 47%) committed,  1 nodes.
      Class space:        1.00 GB reserved,       4.62 MB ( <1%) committed,  1 nodes.
             Both:        1.06 GB reserved,      34.94 MB (  3%) committed. 

Chunk freelists:
   Non-Class:  1.73 MB
       Class:  11.31 MB
        Both:  13.05 MB

MaxMetaspaceSize: unlimited
CompressedClassSpaceSize: 1.00 GB
Initial GC threshold: 21.00 MB
Current GC threshold: 35.12 MB
CDS: on
 - commit_granule_bytes: 65536.
 - commit_granule_words: 8192.
 - virtual_space_node_default_size: 8388608.
 - enlarge_chunks_in_place: 1.
 - use_allocation_guard: 0.


Internal statistics:

num_allocs_failed_limit: 3.
num_arena_births: 728.
num_arena_deaths: 0.
num_vsnodes_births: 2.
num_vsnodes_deaths: 0.
num_space_committed: 559.
num_space_uncommitted: 0.
num_chunks_returned_to_freelist: 3.
num_chunks_taken_from_freelist: 2055.
num_chunk_merges: 3.
num_chunk_splits: 1380.
num_chunks_enlarged: 976.
num_inconsistent_stats: 0.

CodeHeap 'non-profiled nmethods': size=120000Kb used=3033Kb max_used=3033Kb free=116966Kb
 bounds [0x000001f7664c0000, 0x000001f7667c0000, 0x000001f76d9f0000]
CodeHeap 'profiled nmethods': size=120000Kb used=10127Kb max_used=10127Kb free=109872Kb
 bounds [0x000001f75e9f0000, 0x000001f75f3e0000, 0x000001f765f20000]
CodeHeap 'non-nmethods': size=5760Kb used=1475Kb max_used=1546Kb free=4284Kb
 bounds [0x000001f765f20000, 0x000001f766190000, 0x000001f7664c0000]
 total_blobs=5335 nmethods=4779 adapters=459
 compilation: enabled
              stopped_count=0, restarted_count=0
 full_count=0

Compilation events (20 events):
Event: 16.099 Thread 0x000001f77263cc10 4776       3       java.lang.invoke.Invokers::cachedInvoker (7 bytes)
Event: 16.099 Thread 0x000001f77263cc10 nmethod 4776 0x000001f75f3bf110 code [0x000001f75f3bf2a0, 0x000001f75f3bf3d8]
Event: 16.099 Thread 0x000001f77263cc10 4777       3       java.lang.invoke.Invokers::basicInvoker (103 bytes)
Event: 16.105 Thread 0x000001f77263cc10 nmethod 4777 0x000001f75f3bf490 code [0x000001f75f3bf740, 0x000001f75f3c0118]
Event: 16.106 Thread 0x000001f77261af40 nmethod 4772 0x000001f7667b3910 code [0x000001f7667b3ae0, 0x000001f7667b4020]
Event: 16.108 Thread 0x000001f77263cc10 4778       3       java.lang.invoke.LambdaForm$NamedFunction::<init> (95 bytes)
Event: 16.109 Thread 0x000001f77263cc10 nmethod 4778 0x000001f75f3c0590 code [0x000001f75f3c07a0, 0x000001f75f3c0cb8]
Event: 16.109 Thread 0x000001f77261af40 4779       4       java.lang.invoke.LambdaForm$Name::replaceNames (175 bytes)
Event: 16.166 Thread 0x000001f77261af40 nmethod 4779 0x000001f7667b4410 code [0x000001f7667b4660, 0x000001f7667b5ab8]
Event: 16.167 Thread 0x000001f77261af40 4780       4       java.lang.Class::getComponentType (14 bytes)
Event: 16.167 Thread 0x000001f77261af40 nmethod 4780 0x000001f7667b6190 code [0x000001f7667b6320, 0x000001f7667b63d0]
Event: 16.175 Thread 0x000001f77261af40 4781       4       jdk.internal.loader.ClassLoaders$AppClassLoader::loadClass (40 bytes)
Event: 16.175 Thread 0x000001f77263cc10 4782       3       java.net.URLStreamHandler::parseURL (1124 bytes)
Event: 16.208 Thread 0x000001f77263cc10 nmethod 4782 0x000001f75f3c0e90 code [0x000001f75f3c2220, 0x000001f75f3ce760]
Event: 16.255 Thread 0x000001f77263cc10 4785       3       java.util.Spliterators$1Adapter::accept (11 bytes)
Event: 16.255 Thread 0x000001f77263cc10 nmethod 4785 0x000001f75f3d3410 code [0x000001f75f3d35a0, 0x000001f75f3d3700]
Event: 16.255 Thread 0x000001f77263cc10 4786       3       java.util.Spliterators$1Adapter::next (39 bytes)
Event: 16.256 Thread 0x000001f77263cc10 nmethod 4786 0x000001f75f3d3790 code [0x000001f75f3d3960, 0x000001f75f3d3d70]
Event: 16.256 Thread 0x000001f77263cc10 4788       1       java.util.Collections$EmptyEnumeration::hasMoreElements (2 bytes)
Event: 16.256 Thread 0x000001f77263cc10 nmethod 4788 0x000001f7667b6490 code [0x000001f7667b6620, 0x000001f7667b66e8]

GC Heap History (16 events):
Event: 1.320 GC heap before
{Heap before GC invocations=0 (full 0):
 garbage-first heap   total 129024K, used 14336K [0x0000000082200000, 0x0000000100000000)
  region size 1024K, 13 young (13312K), 0 survivors (0K)
 Metaspace       used 2835K, committed 2944K, reserved 1114112K
  class space    used 279K, committed 320K, reserved 1048576K
}
Event: 1.328 GC heap after
{Heap after GC invocations=1 (full 0):
 garbage-first heap   total 129024K, used 7974K [0x0000000082200000, 0x0000000100000000)
  region size 1024K, 2 young (2048K), 2 survivors (2048K)
 Metaspace       used 2835K, committed 2944K, reserved 1114112K
  class space    used 279K, committed 320K, reserved 1048576K
}
Event: 1.920 GC heap before
{Heap before GC invocations=1 (full 0):
 garbage-first heap   total 129024K, used 18214K [0x0000000082200000, 0x0000000100000000)
  region size 1024K, 13 young (13312K), 2 survivors (2048K)
 Metaspace       used 5642K, committed 5824K, reserved 1114112K
  class space    used 645K, committed 704K, reserved 1048576K
}
Event: 1.923 GC heap after
{Heap after GC invocations=2 (full 0):
 garbage-first heap   total 129024K, used 8788K [0x0000000082200000, 0x0000000100000000)
  region size 1024K, 1 young (1024K), 1 survivors (1024K)
 Metaspace       used 5642K, committed 5824K, reserved 1114112K
  class space    used 645K, committed 704K, reserved 1048576K
}
Event: 3.435 GC heap before
{Heap before GC invocations=2 (full 0):
 garbage-first heap   total 129024K, used 42580K [0x0000000082200000, 0x0000000100000000)
  region size 1024K, 35 young (35840K), 1 survivors (1024K)
 Metaspace       used 14826K, committed 15104K, reserved 1114112K
  class space    used 1975K, committed 2112K, reserved 1048576K
}
Event: 3.443 GC heap after
{Heap after GC invocations=3 (full 0):
 garbage-first heap   total 129024K, used 11724K [0x0000000082200000, 0x0000000100000000)
  region size 1024K, 4 young (4096K), 4 survivors (4096K)
 Metaspace       used 14826K, committed 15104K, reserved 1114112K
  class space    used 1975K, committed 2112K, reserved 1048576K
}
Event: 4.406 GC heap before
{Heap before GC invocations=3 (full 0):
 garbage-first heap   total 129024K, used 41420K [0x0000000082200000, 0x0000000100000000)
  region size 1024K, 35 young (35840K), 4 survivors (4096K)
 Metaspace       used 21176K, committed 21504K, reserved 1114112K
  class space    used 2657K, committed 2816K, reserved 1048576K
}
Event: 4.415 GC heap after
{Heap after GC invocations=4 (full 0):
 garbage-first heap   total 129024K, used 15021K [0x0000000082200000, 0x0000000100000000)
  region size 1024K, 7 young (7168K), 7 survivors (7168K)
 Metaspace       used 21176K, committed 21504K, reserved 1114112K
  class space    used 2657K, committed 2816K, reserved 1048576K
}
Event: 5.570 GC heap before
{Heap before GC invocations=5 (full 0):
 garbage-first heap   total 51200K, used 37549K [0x0000000082200000, 0x0000000100000000)
  region size 1024K, 30 young (30720K), 7 survivors (7168K)
 Metaspace       used 23974K, committed 24384K, reserved 1114112K
  class space    used 3024K, committed 3200K, reserved 1048576K
}
Event: 5.586 GC heap after
{Heap after GC invocations=6 (full 0):
 garbage-first heap   total 51200K, used 17252K [0x0000000082200000, 0x0000000100000000)
  region size 1024K, 3 young (3072K), 3 survivors (3072K)
 Metaspace       used 23974K, committed 24384K, reserved 1114112K
  class space    used 3024K, committed 3200K, reserved 1048576K
}
Event: 6.903 GC heap before
{Heap before GC invocations=6 (full 0):
 garbage-first heap   total 51200K, used 39780K [0x0000000082200000, 0x0000000100000000)
  region size 1024K, 25 young (25600K), 3 survivors (3072K)
 Metaspace       used 27473K, committed 27904K, reserved 1114112K
  class space    used 3475K, committed 3648K, reserved 1048576K
}
Event: 6.910 GC heap after
{Heap after GC invocations=7 (full 0):
 garbage-first heap   total 51200K, used 19015K [0x0000000082200000, 0x0000000100000000)
  region size 1024K, 2 young (2048K), 2 survivors (2048K)
 Metaspace       used 27473K, committed 27904K, reserved 1114112K
  class space    used 3475K, committed 3648K, reserved 1048576K
}
Event: 10.041 GC heap before
{Heap before GC invocations=7 (full 0):
 garbage-first heap   total 51200K, used 41543K [0x0000000082200000, 0x0000000100000000)
  region size 1024K, 24 young (24576K), 2 survivors (2048K)
 Metaspace       used 31265K, committed 31744K, reserved 1114112K
  class space    used 4039K, committed 4224K, reserved 1048576K
}
Event: 10.047 GC heap after
{Heap after GC invocations=8 (full 0):
 garbage-first heap   total 51200K, used 21424K [0x0000000082200000, 0x0000000100000000)
  region size 1024K, 3 young (3072K), 3 survivors (3072K)
 Metaspace       used 31265K, committed 31744K, reserved 1114112K
  class space    used 4039K, committed 4224K, reserved 1048576K
}
Event: 16.057 GC heap before
{Heap before GC invocations=8 (full 0):
 garbage-first heap   total 51200K, used 40880K [0x0000000082200000, 0x0000000100000000)
  region size 1024K, 23 young (23552K), 3 survivors (3072K)
 Metaspace       used 34657K, committed 35200K, reserved 1114112K
  class space    used 4416K, committed 4672K, reserved 1048576K
}
Event: 16.071 GC heap after
{Heap after GC invocations=9 (full 0):
 garbage-first heap   total 51200K, used 23354K [0x0000000082200000, 0x0000000100000000)
  region size 1024K, 2 young (2048K), 2 survivors (2048K)
 Metaspace       used 34657K, committed 35200K, reserved 1114112K
  class space    used 4416K, committed 4672K, reserved 1048576K
}

Dll operation events (12 events):
Event: 0.042 Loaded shared library C:\Program Files\Java\jdk-21\bin\java.dll
Event: 0.159 Loaded shared library C:\Program Files\Java\jdk-21\bin\jsvml.dll
Event: 0.531 Loaded shared library C:\Program Files\Java\jdk-21\bin\zip.dll
Event: 0.539 Loaded shared library C:\Program Files\Java\jdk-21\bin\instrument.dll
Event: 0.552 Loaded shared library C:\Program Files\Java\jdk-21\bin\net.dll
Event: 0.556 Loaded shared library C:\Program Files\Java\jdk-21\bin\nio.dll
Event: 0.565 Loaded shared library C:\Program Files\Java\jdk-21\bin\zip.dll
Event: 0.935 Loaded shared library C:\Program Files\Java\jdk-21\bin\extnet.dll
Event: 1.012 Loaded shared library C:\Program Files\Java\jdk-21\bin\jimage.dll
Event: 1.560 Loaded shared library C:\Program Files\Java\jdk-21\bin\management.dll
Event: 1.572 Loaded shared library C:\Program Files\Java\jdk-21\bin\management_ext.dll
Event: 4.635 Loaded shared library C:\Program Files\Java\jdk-21\bin\sunmscapi.dll

Deoptimization events (20 events):
Event: 11.814 Thread 0x000001f7777c8420 Uncommon trap: trap_request=0xffffffbe fr.pc=0x000001f7667617a0 relative=0x00000000000032c0
Event: 11.814 Thread 0x000001f7777c8420 Uncommon trap: reason=profile_predicate action=maybe_recompile pc=0x000001f7667617a0 method=org.springframework.util.ReflectionUtils.doWithMethods(Ljava/lang/Class;Lorg/springframework/util/ReflectionUtils$MethodCallback;Lorg/springframework/util/Reflecti
Event: 11.814 Thread 0x000001f7777c8420 DEOPT PACKING pc=0x000001f7667617a0 sp=0x000000f688ff9100
Event: 11.814 Thread 0x000001f7777c8420 DEOPT UNPACKING pc=0x000001f765f746a2 sp=0x000000f688ff9128 mode 2
Event: 14.052 Thread 0x000001f7777c8420 Uncommon trap: trap_request=0xffffff45 fr.pc=0x000001f7666610a0 relative=0x0000000000002b60
Event: 14.052 Thread 0x000001f7777c8420 Uncommon trap: reason=unstable_if action=reinterpret pc=0x000001f7666610a0 method=java.net.URLStreamHandler.parseURL(Ljava/net/URL;Ljava/lang/String;II)V @ 145 c2
Event: 14.053 Thread 0x000001f7777c8420 DEOPT PACKING pc=0x000001f7666610a0 sp=0x000000f688ff90b0
Event: 14.053 Thread 0x000001f7777c8420 DEOPT UNPACKING pc=0x000001f765f746a2 sp=0x000000f688ff9040 mode 2
Event: 14.056 Thread 0x000001f7777c8420 Uncommon trap: trap_request=0xffffff45 fr.pc=0x000001f76676a7f0 relative=0x0000000000002d30
Event: 14.056 Thread 0x000001f7777c8420 Uncommon trap: reason=unstable_if action=reinterpret pc=0x000001f76676a7f0 method=org.springframework.core.BridgeMethodResolver.resolveBridgeMethod(Ljava/lang/reflect/Method;Ljava/lang/Class;)Ljava/lang/reflect/Method; @ 120 c2
Event: 14.056 Thread 0x000001f7777c8420 DEOPT PACKING pc=0x000001f76676a7f0 sp=0x000000f688ff9650
Event: 14.056 Thread 0x000001f7777c8420 DEOPT UNPACKING pc=0x000001f765f746a2 sp=0x000000f688ff9640 mode 2
Event: 14.879 Thread 0x000001f7777c8420 Uncommon trap: trap_request=0xffffff45 fr.pc=0x000001f76659efb0 relative=0x0000000000003390
Event: 14.879 Thread 0x000001f7777c8420 Uncommon trap: reason=unstable_if action=reinterpret pc=0x000001f76659efb0 method=java.net.URL.<init>(Ljava/net/URL;Ljava/lang/String;Ljava/net/URLStreamHandler;)V @ 57 c2
Event: 14.879 Thread 0x000001f7777c8420 DEOPT PACKING pc=0x000001f76659efb0 sp=0x000000f688ffa140
Event: 14.879 Thread 0x000001f7777c8420 DEOPT UNPACKING pc=0x000001f765f746a2 sp=0x000000f688ffa0e0 mode 2
Event: 16.217 Thread 0x000001f7777c8420 Uncommon trap: trap_request=0xffffff45 fr.pc=0x000001f76665d690 relative=0x0000000000000070
Event: 16.217 Thread 0x000001f7777c8420 Uncommon trap: reason=unstable_if action=reinterpret pc=0x000001f76665d690 method=java.lang.ClassLoader.createOrGetClassLoaderValueMap()Ljava/util/concurrent/ConcurrentHashMap; @ 6 c2
Event: 16.217 Thread 0x000001f7777c8420 DEOPT PACKING pc=0x000001f76665d690 sp=0x000000f688ff9db0
Event: 16.217 Thread 0x000001f7777c8420 DEOPT UNPACKING pc=0x000001f765f746a2 sp=0x000000f688ff9d38 mode 2

Classes loaded (20 events):
Event: 10.715 Loading class java/util/logging/LogRecord
Event: 10.716 Loading class java/util/logging/LogRecord done
Event: 10.724 Loading class java/io/PrintWriter
Event: 10.724 Loading class java/io/PrintWriter done
Event: 10.992 Loading class java/util/UUID$Holder
Event: 10.993 Loading class java/util/UUID$Holder done
Event: 11.227 Loading class java/util/LinkedList$LLSpliterator
Event: 11.229 Loading class java/util/LinkedList$LLSpliterator done
Event: 11.241 Loading class jdk/internal/reflect/MethodHandleLongFieldAccessorImpl
Event: 11.245 Loading class jdk/internal/reflect/MethodHandleLongFieldAccessorImpl done
Event: 11.496 Loading class java/lang/SafeVarargs
Event: 11.496 Loading class java/lang/SafeVarargs done
Event: 11.512 Loading class sun/reflect/generics/reflectiveObjects/GenericArrayTypeImpl
Event: 11.513 Loading class sun/reflect/generics/reflectiveObjects/GenericArrayTypeImpl done
Event: 11.729 Loading class java/lang/ExceptionInInitializerError
Event: 11.729 Loading class java/lang/ExceptionInInitializerError done
Event: 13.543 Loading class javax/naming/Referenceable
Event: 13.554 Loading class javax/naming/Referenceable done
Event: 14.312 Loading class java/lang/instrument/ClassFileTransformer
Event: 14.312 Loading class java/lang/instrument/ClassFileTransformer done

Classes unloaded (0 events):
No events

Classes redefined (0 events):
No events

Internal exceptions (20 events):
Event: 9.278 Thread 0x000001f7777c8420 Exception <a 'java/lang/NoSuchMethodError'{0x00000000845b3fc8}: 'java.lang.Object java.lang.invoke.DirectMethodHandle$Holder.invokeVirtual(java.lang.Object, java.lang.Object, java.lang.Object, java.lang.Object, java.lang.Object, java.lang.Object)'> (0x00000000845b3fc8) 
thrown [s\open\src\hotspot\share\interpreter\linkResolver.cpp, line 773]
Event: 9.413 Thread 0x000001f7777c8420 Exception <a 'java/lang/NoSuchMethodError'{0x0000000084353af8}: 'void java.lang.invoke.DirectMethodHandle$Holder.invokeInterface(java.lang.Object, java.lang.Object, int)'> (0x0000000084353af8) 
thrown [s\open\src\hotspot\share\interpreter\linkResolver.cpp, line 773]
Event: 9.429 Thread 0x000001f7777c8420 Exception <a 'java/lang/IncompatibleClassChangeError'{0x0000000084396be0}: Found class java.lang.Object, but interface was expected> (0x0000000084396be0) 
thrown [s\open\src\hotspot\share\interpreter\linkResolver.cpp, line 840]
Event: 9.446 Thread 0x000001f7777c8420 Exception <a 'java/lang/NoSuchMethodError'{0x00000000843b46e0}: 'void java.lang.invoke.DirectMethodHandle$Holder.invokeStatic(java.lang.Object, int, java.lang.Object)'> (0x00000000843b46e0) 
thrown [s\open\src\hotspot\share\interpreter\linkResolver.cpp, line 773]
Event: 9.480 Thread 0x000001f7777c8420 Exception <a 'java/lang/NoSuchMethodError'{0x00000000843eb2a0}: 'void java.lang.invoke.DirectMethodHandle$Holder.invokeStatic(java.lang.Object, java.lang.Object, java.lang.Object, int, java.lang.Object)'> (0x00000000843eb2a0) 
thrown [s\open\src\hotspot\share\interpreter\linkResolver.cpp, line 773]
Event: 9.481 Thread 0x000001f7777c8420 Exception <a 'java/lang/NoSuchMethodError'{0x00000000843f1b00}: 'java.lang.Object java.lang.invoke.DirectMethodHandle$Holder.newInvokeSpecial(java.lang.Object, java.lang.Object, java.lang.Object, int)'> (0x00000000843f1b00) 
thrown [s\open\src\hotspot\share\interpreter\linkResolver.cpp, line 773]
Event: 9.481 Thread 0x000001f7777c8420 Exception <a 'java/lang/NoSuchMethodError'{0x00000000843f5900}: 'java.lang.Object java.lang.invoke.DirectMethodHandle$Holder.invokeSpecial(java.lang.Object, java.lang.Object, java.lang.Object, java.lang.Object, int)'> (0x00000000843f5900) 
thrown [s\open\src\hotspot\share\interpreter\linkResolver.cpp, line 773]
Event: 9.485 Thread 0x000001f7777c8420 Exception <a 'java/lang/NoSuchMethodError'{0x00000000843f8d98}: 'java.lang.Object java.lang.invoke.Invokers$Holder.linkToTargetMethod(java.lang.Object, java.lang.Object, int, java.lang.Object)'> (0x00000000843f8d98) 
thrown [s\open\src\hotspot\share\interpreter\linkResolver.cpp, line 773]
Event: 9.923 Thread 0x000001f7777c8420 Exception <a 'java/lang/NoSuchMethodError'{0x0000000083eb23f0}: 'java.lang.Object java.lang.invoke.DirectMethodHandle$Holder.invokeStaticInit(java.lang.Object, int, int, int, int)'> (0x0000000083eb23f0) 
thrown [s\open\src\hotspot\share\interpreter\linkResolver.cpp, line 773]
Event: 10.075 Thread 0x000001f7777c8420 Exception <a 'java/lang/NoSuchMethodError'{0x0000000088032c58}: 'java.lang.Object java.lang.invoke.DirectMethodHandle$Holder.invokeStaticInit(java.lang.Object, java.lang.Object, int, int, int, int)'> (0x0000000088032c58) 
thrown [s\open\src\hotspot\share\interpreter\linkResolver.cpp, line 773]
Event: 10.655 Thread 0x000001f7777c8420 Exception <a 'java/lang/NoSuchMethodError'{0x0000000084c91b08}: 'int java.lang.invoke.DirectMethodHandle$Holder.invokeVirtual(java.lang.Object, java.lang.Object, java.lang.Object, java.lang.Object)'> (0x0000000084c91b08) 
thrown [s\open\src\hotspot\share\interpreter\linkResolver.cpp, line 773]
Event: 10.656 Thread 0x000001f7777c8420 Exception <a 'java/lang/NoSuchMethodError'{0x0000000084c95398}: 'int java.lang.invoke.DelegatingMethodHandle$Holder.reinvoke_L(java.lang.Object, java.lang.Object, java.lang.Object, java.lang.Object)'> (0x0000000084c95398) 
thrown [s\open\src\hotspot\share\interpreter\linkResolver.cpp, line 773]
Event: 10.760 Thread 0x000001f7777c8420 Exception <a 'java/io/FileNotFoundException'{0x0000000084b94378}> (0x0000000084b94378) 
thrown [s\open\src\hotspot\share\prims\jni.cpp, line 520]
Event: 10.914 Thread 0x000001f7777c8420 Exception <a 'java/lang/NoSuchMethodError'{0x00000000849c0eb8}: 'int java.lang.invoke.DirectMethodHandle$Holder.invokeInterface(java.lang.Object, java.lang.Object, java.lang.Object, java.lang.Object)'> (0x00000000849c0eb8) 
thrown [s\open\src\hotspot\share\interpreter\linkResolver.cpp, line 773]
Event: 11.237 Thread 0x000001f7777c8420 Exception <a 'java/lang/NoSuchMethodError'{0x00000000848ff780}: 'void java.lang.invoke.Invokers$Holder.invokeExact_MT(java.lang.Object, java.lang.Object, java.lang.Object, java.lang.Object)'> (0x00000000848ff780) 
thrown [s\open\src\hotspot\share\interpreter\linkResolver.cpp, line 773]
Event: 11.245 Thread 0x000001f7777c8420 Exception <a 'java/lang/NoSuchMethodError'{0x00000000847068f0}: 'long java.lang.invoke.DelegatingMethodHandle$Holder.reinvoke_L(java.lang.Object, java.lang.Object)'> (0x00000000847068f0) 
thrown [s\open\src\hotspot\share\interpreter\linkResolver.cpp, line 773]
Event: 11.246 Thread 0x000001f7777c8420 Exception <a 'java/lang/NoSuchMethodError'{0x0000000084710898}: 'void java.lang.invoke.DelegatingMethodHandle$Holder.reinvoke_L(java.lang.Object, java.lang.Object, long)'> (0x0000000084710898) 
thrown [s\open\src\hotspot\share\interpreter\linkResolver.cpp, line 773]
Event: 12.406 Thread 0x000001f7777c8420 Exception <a 'java/lang/NoSuchMethodError'{0x00000000843295a8}: 'java.lang.Object java.lang.invoke.DirectMethodHandle$Holder.newInvokeSpecial(java.lang.Object, java.lang.Object, java.lang.Object, java.lang.Object, java.lang.Object, java.lang.Object, java.lang.Object, java.lang.Object, java.lang.Object, java.lang.Object, java.lang.Object, java.lang.Object)'> (0x00000000843295a8) 
thrown [s\open\src\hotspot\share\interpreter\linkResolver.cpp, line 773]
Event: 12.407 Thread 0x000001f7777c8420 Exception <a 'java/lang/NoSuchMethodError'{0x000000008432eb28}: 'java.lang.Object java.lang.invoke.DirectMethodHandle$Holder.invokeSpecial(java.lang.Object, java.lang.Object, java.lang.Object, java.lang.Object, java.lang.Object, java.lang.Object, java.lang.Object, java.lang.Object, java.lang.Object, java.lang.Object, java.lang.Object, java.lang.Object, java.lang.Object)'> (0x000000008432eb28) 
thrown [s\open\src\hotspot\share\interpreter\linkResolver.cpp, line 773]
Event: 16.098 Thread 0x000001f7777c8420 Exception <a 'java/lang/NoSuchMethodError'{0x000000008800e6b0}: 'void java.lang.invoke.DelegatingMethodHandle$Holder.reinvoke_L(java.lang.Object, java.lang.Object, java.lang.Object, java.lang.Object, int, java.lang.Object, java.lang.Object, java.lang.Object)'> (0x000000008800e6b0) 
thrown [s\open\src\hotspot\share\interpreter\linkResolver.cpp, line 773]

ZGC Phase Switch (0 events):
No events

VM Operations (20 events):
Event: 7.689 Executing VM operation: HandshakeAllThreads (Deoptimize)
Event: 7.689 Executing VM operation: HandshakeAllThreads (Deoptimize) done
Event: 8.700 Executing VM operation: Cleanup
Event: 8.701 Executing VM operation: Cleanup done
Event: 9.706 Executing VM operation: Cleanup
Event: 9.739 Executing VM operation: Cleanup done
Event: 10.041 Executing VM operation: G1CollectForAllocation (G1 Evacuation Pause)
Event: 10.047 Executing VM operation: G1CollectForAllocation (G1 Evacuation Pause) done
Event: 10.841 Executing VM operation: HandshakeAllThreads (Deoptimize)
Event: 10.841 Executing VM operation: HandshakeAllThreads (Deoptimize) done
Event: 11.848 Executing VM operation: Cleanup
Event: 11.871 Executing VM operation: Cleanup done
Event: 12.935 Executing VM operation: Cleanup
Event: 13.501 Executing VM operation: Cleanup done
Event: 14.518 Executing VM operation: Cleanup
Event: 14.862 Executing VM operation: Cleanup done
Event: 15.864 Executing VM operation: Cleanup
Event: 15.894 Executing VM operation: Cleanup done
Event: 16.057 Executing VM operation: G1CollectForAllocation (G1 Evacuation Pause)
Event: 16.071 Executing VM operation: G1CollectForAllocation (G1 Evacuation Pause) done

Events (20 events):
Event: 0.146 Thread 0x000001f772617be0 Thread added: 0x000001f772617be0
Event: 0.146 Thread 0x000001f772618630 Thread added: 0x000001f772618630
Event: 0.146 Thread 0x000001f772619080 Thread added: 0x000001f772619080
Event: 0.146 Thread 0x000001f77261af40 Thread added: 0x000001f77261af40
Event: 0.147 Thread 0x000001f77263cc10 Thread added: 0x000001f77263cc10
Event: 0.476 Thread 0x000001f7725e80d0 Thread added: 0x000001f7725e80d0
Event: 0.911 Thread 0x000001f772ad4850 Thread added: 0x000001f772ad4850
Event: 0.912 Thread 0x000001f772b78d20 Thread added: 0x000001f772b78d20
Event: 1.270 Thread 0x000001f777326fa0 Thread added: 0x000001f777326fa0
Event: 1.708 Thread 0x000001f77753e4d0 Thread added: 0x000001f77753e4d0
Event: 1.727 Thread 0x000001f7777c8420 Thread added: 0x000001f7777c8420
Event: 2.385 Thread 0x000001f777326fa0 Thread exited: 0x000001f777326fa0
Event: 2.695 Thread 0x000001f777e0c870 Thread added: 0x000001f777e0c870
Event: 2.763 Thread 0x000001f777bc88b0 Thread added: 0x000001f777bc88b0
Event: 4.191 Thread 0x000001f7785fcdb0 Thread added: 0x000001f7785fcdb0
Event: 4.377 Thread 0x000001f7785fcdb0 Thread exited: 0x000001f7785fcdb0
Event: 4.646 Thread 0x000001f777e0c870 Thread exited: 0x000001f777e0c870
Event: 7.598 Thread 0x000001f777bc88b0 Thread exited: 0x000001f777bc88b0
Event: 9.239 Thread 0x000001f777bc9650 Thread added: 0x000001f777bc9650
Event: 14.036 Thread 0x000001f777bc9650 Thread exited: 0x000001f777bc9650


Dynamic libraries:
0x00007ff741840000 - 0x00007ff741850000 	C:\Program Files\Java\jdk-21\bin\java.exe
0x00007ffe78d10000 - 0x00007ffe78f27000 	C:\WINDOWS\SYSTEM32\ntdll.dll
0x00007ffe779d0000 - 0x00007ffe77a94000 	C:\WINDOWS\System32\KERNEL32.DLL
0x00007ffe76540000 - 0x00007ffe768f7000 	C:\WINDOWS\System32\KERNELBASE.dll
0x00007ffe76420000 - 0x00007ffe76531000 	C:\WINDOWS\System32\ucrtbase.dll
0x00007ffe6ef90000 - 0x00007ffe6efa9000 	C:\Program Files\Java\jdk-21\bin\jli.dll
0x00007ffe78880000 - 0x00007ffe78932000 	C:\WINDOWS\System32\ADVAPI32.dll
0x00007ffe76a40000 - 0x00007ffe76ae7000 	C:\WINDOWS\System32\msvcrt.dll
0x00007ffe76af0000 - 0x00007ffe76b98000 	C:\WINDOWS\System32\sechost.dll
0x00007ffe76900000 - 0x00007ffe76928000 	C:\WINDOWS\System32\bcrypt.dll
0x00007ffe784b0000 - 0x00007ffe785c4000 	C:\WINDOWS\System32\RPCRT4.dll
0x00007ffe71b10000 - 0x00007ffe71b2b000 	C:\Program Files\Java\jdk-21\bin\VCRUNTIME140.dll
0x00007ffe77c70000 - 0x00007ffe77e1f000 	C:\WINDOWS\System32\USER32.dll
0x00007ffe76280000 - 0x00007ffe762a6000 	C:\WINDOWS\System32\win32u.dll
0x00007ffe78400000 - 0x00007ffe78429000 	C:\WINDOWS\System32\GDI32.dll
0x00007ffe76020000 - 0x00007ffe76138000 	C:\WINDOWS\System32\gdi32full.dll
0x00007ffe76930000 - 0x00007ffe769ca000 	C:\WINDOWS\System32\msvcp_win.dll
0x00007ffe63d00000 - 0x00007ffe63f93000 	C:\WINDOWS\WinSxS\amd64_microsoft.windows.common-controls_6595b64144ccf1df_6.0.22621.3672_none_2713b9d173822955\COMCTL32.dll
0x00007ffe6c330000 - 0x00007ffe6c33a000 	C:\WINDOWS\SYSTEM32\VERSION.dll
0x00007ffe77b50000 - 0x00007ffe77b81000 	C:\WINDOWS\System32\IMM32.DLL
0x00007ffe6ef80000 - 0x00007ffe6ef8c000 	C:\Program Files\Java\jdk-21\bin\vcruntime140_1.dll
0x00007ffe5b890000 - 0x00007ffe5b91e000 	C:\Program Files\Java\jdk-21\bin\msvcp140.dll
0x00007ffe2c550000 - 0x00007ffe2d26a000 	C:\Program Files\Java\jdk-21\bin\server\jvm.dll
0x00007ffe78430000 - 0x00007ffe784a1000 	C:\WINDOWS\System32\WS2_32.dll
0x00007ffe75ef0000 - 0x00007ffe75f3d000 	C:\WINDOWS\SYSTEM32\POWRPROF.dll
0x00007ffe71d30000 - 0x00007ffe71d64000 	C:\WINDOWS\SYSTEM32\WINMM.dll
0x00007ffe75ed0000 - 0x00007ffe75ee3000 	C:\WINDOWS\SYSTEM32\UMPDC.dll
0x00007ffe75030000 - 0x00007ffe75048000 	C:\WINDOWS\SYSTEM32\kernel.appcore.dll
0x00007ffe64980000 - 0x00007ffe6498a000 	C:\Program Files\Java\jdk-21\bin\jimage.dll
0x00007ffe72d80000 - 0x00007ffe72fb2000 	C:\WINDOWS\SYSTEM32\DBGHELP.DLL
0x00007ffe78940000 - 0x00007ffe78cce000 	C:\WINDOWS\System32\combase.dll
0x00007ffe77630000 - 0x00007ffe77707000 	C:\WINDOWS\System32\OLEAUT32.dll
0x00007ffe5c9e0000 - 0x00007ffe5ca12000 	C:\WINDOWS\SYSTEM32\dbgcore.DLL
0x00007ffe76140000 - 0x00007ffe761bb000 	C:\WINDOWS\System32\bcryptPrimitives.dll
0x00007ffe70020000 - 0x00007ffe7002f000 	C:\Program Files\Java\jdk-21\bin\instrument.dll
0x00007ffe63250000 - 0x00007ffe6326f000 	C:\Program Files\Java\jdk-21\bin\java.dll
0x00007ffe76d60000 - 0x00007ffe775c9000 	C:\WINDOWS\System32\SHELL32.dll
0x00007ffe73f40000 - 0x00007ffe7483f000 	C:\WINDOWS\SYSTEM32\windows.storage.dll
0x00007ffe73e00000 - 0x00007ffe73f3f000 	C:\WINDOWS\SYSTEM32\wintypes.dll
0x00007ffe77820000 - 0x00007ffe77919000 	C:\WINDOWS\System32\SHCORE.dll
0x00007ffe775d0000 - 0x00007ffe7762e000 	C:\WINDOWS\System32\shlwapi.dll
0x00007ffe75f50000 - 0x00007ffe75f77000 	C:\WINDOWS\SYSTEM32\profapi.dll
0x00007ffe53a00000 - 0x00007ffe53ad7000 	C:\Program Files\Java\jdk-21\bin\jsvml.dll
0x00007ffe62d20000 - 0x00007ffe62d38000 	C:\Program Files\Java\jdk-21\bin\zip.dll
0x00007ffe63af0000 - 0x00007ffe63b00000 	C:\Program Files\Java\jdk-21\bin\net.dll
0x00007ffe6f900000 - 0x00007ffe6fa36000 	C:\WINDOWS\SYSTEM32\WINHTTP.dll
0x00007ffe754a0000 - 0x00007ffe75509000 	C:\WINDOWS\system32\mswsock.dll
0x00007ffe62d40000 - 0x00007ffe62d56000 	C:\Program Files\Java\jdk-21\bin\nio.dll
0x00007ffe725a0000 - 0x00007ffe725a9000 	C:\Program Files\Java\jdk-21\bin\extnet.dll
0x00007ffe72760000 - 0x00007ffe7276a000 	C:\Program Files\Java\jdk-21\bin\management.dll
0x00007ffe725c0000 - 0x00007ffe725cb000 	C:\Program Files\Java\jdk-21\bin\management_ext.dll
0x00007ffe77b40000 - 0x00007ffe77b48000 	C:\WINDOWS\System32\PSAPI.DLL
0x00007ffe725b0000 - 0x00007ffe725be000 	C:\Program Files\Java\jdk-21\bin\sunmscapi.dll
0x00007ffe762b0000 - 0x00007ffe76416000 	C:\WINDOWS\System32\CRYPT32.dll
0x00007ffe758f0000 - 0x00007ffe7591d000 	C:\WINDOWS\SYSTEM32\ncrypt.dll
0x00007ffe758b0000 - 0x00007ffe758e7000 	C:\WINDOWS\SYSTEM32\NTASN1.dll
0x00007ffe75710000 - 0x00007ffe7572b000 	C:\WINDOWS\SYSTEM32\CRYPTSP.dll
0x00007ffe74f90000 - 0x00007ffe74fc5000 	C:\WINDOWS\system32\rsaenh.dll
0x00007ffe75580000 - 0x00007ffe755a8000 	C:\WINDOWS\SYSTEM32\USERENV.dll
0x00007ffe75730000 - 0x00007ffe7573c000 	C:\WINDOWS\SYSTEM32\CRYPTBASE.dll
0x00007ffe74aa0000 - 0x00007ffe74acd000 	C:\WINDOWS\SYSTEM32\IPHLPAPI.DLL
0x00007ffe77800000 - 0x00007ffe77809000 	C:\WINDOWS\System32\NSI.dll

dbghelp: loaded successfully - version: 4.0.5 - missing functions: none
symbol engine: initialized successfully - sym options: 0x614 - pdb path: .;C:\Program Files\Java\jdk-21\bin;C:\WINDOWS\SYSTEM32;C:\WINDOWS\WinSxS\amd64_microsoft.windows.common-controls_6595b64144ccf1df_6.0.22621.3672_none_2713b9d173822955;C:\Program Files\Java\jdk-21\bin\server

VM Arguments:
jvm_args: -javaagent:C:\Program Files\JetBrains\IntelliJ IDEA 2025.1.4.1\lib\idea_rt.jar=54893 -Dfile.encoding=UTF-8 -Dsun.stdout.encoding=UTF-8 -Dsun.stderr.encoding=UTF-8 
java_command: org.group6.fastservices.FastServicesApplication
java_class_path (initial): C:\Users\DELL\Desktop\FastServices\FastServices\target\classes;C:\Users\DELL\.m2\repository\org\springframework\boot\spring-boot-starter-security\3.5.6\spring-boot-starter-security-3.5.6.jar;C:\Users\DELL\.m2\repository\org\springframework\boot\spring-boot-starter\3.5.6\spring-boot-starter-3.5.6.jar;C:\Users\DELL\.m2\repository\org\springframework\boot\spring-boot-starter-logging\3.5.6\spring-boot-starter-logging-3.5.6.jar;C:\Users\DELL\.m2\repository\ch\qos\logback\logback-classic\1.5.18\logback-classic-1.5.18.jar;C:\Users\DELL\.m2\repository\ch\qos\logback\logback-core\1.5.18\logback-core-1.5.18.jar;C:\Users\DELL\.m2\repository\org\apache\logging\log4j\log4j-to-slf4j\2.24.3\log4j-to-slf4j-2.24.3.jar;C:\Users\DELL\.m2\repository\org\apache\logging\log4j\log4j-api\2.24.3\log4j-api-2.24.3.jar;C:\Users\DELL\.m2\repository\org\slf4j\jul-to-slf4j\2.0.17\jul-to-slf4j-2.0.17.jar;C:\Users\DELL\.m2\repository\jakarta\annotation\jakarta.annotation-api\2.1.1\jakarta.annotation-api-2.1.1.jar;C:\Users\DELL\.m2\repository\org\yaml\snakeyaml\2.4\snakeyaml-2.4.jar;C:\Users\DELL\.m2\repository\org\springframework\spring-aop\6.2.11\spring-aop-6.2.11.jar;C:\Users\DELL\.m2\repository\org\springframework\spring-beans\6.2.11\spring-beans-6.2.11.jar;C:\Users\DELL\.m2\repository\org\springframework\security\spring-security-config\6.5.5\spring-security-config-6.5.5.jar;C:\Users\DELL\.m2\repository\org\springframework\spring-context\6.2.11\spring-context-6.2.11.jar;C:\Users\DELL\.m2\repository\org\springframework\security\spring-security-web\6.5.5\spring-security-web-6.5.5.jar;C:\Users\DELL\.m2\repository\org\springframework\spring-expression\6.2.11\spring-expression-6.2.11.jar;C:\Users\DELL\.m2\repository\org\springframework\boot\spring-boot-starter-web\3.5.6\spring-boot-starter-web-3.5.6.jar;C:\Users\DELL\.m2\repository\org\springframework\boot\spring-boot-starter-json\3.5.6\spring-boot-starter-json-3.5.6.jar;C:\Users\DELL\.m2\repository\com\fasterxml\jackson\datatype\jackson-datatype-jdk8\2.19.2\jackson-datatype-jdk8-2.19.2.jar;C:\Users\DELL\.m2\repository\com\fasterxml\jackson\datatype\jackson-datatype-jsr310\2.19.2\jackson-datatype-jsr310-2.19.2.jar;C:\Users\DELL\.m2\repository\com\fasterxml\jackson\module\jackson-module-parameter-names\2.19.2\jackson-module-parameter-names-2.19.2.jar;C:\Users\DELL\.m2\repository\org\springframework\boot\spring-boot-starter-tomcat\3.5.6\spring-boot-starter-tomcat-3.5.6.jar;C:\Users\DELL\.m2\repository\org\apache\tomcat\embed\tomcat-embed-core\10.1.46\tomcat-embed-core-10.1.46.jar;C:\Users\DELL\.m2\repository\org\apache\tomcat\embed\tomcat-embed-el\10.1.46\tomcat-embed-el-10.1.46.jar;C:\Users\DELL\.m2\repository\org\apache\tomcat\embed\tomcat-embed-websocket\10.1.46\tomcat-embed-websocket-10.1.46.jar;C:\Users\DELL\.m2\repository\org\springframework\spring-web\6.2.11\spring-web-6.2.11.jar;C:\Users\DELL\.m2\repository\io\micrometer\micrometer-observation\1.15.4\micrometer-observation-1.15.4.jar;C:\Users\DELL\.m2\repository\io\micrometer\micrometer-commons\1.15.4\micrometer-commons-1.15.4.jar;C:\Users\DELL\.m2\repository\org\springframework\spring-webmvc\6.2.11\spring-webmvc-6.2.11.jar;C:\Users\DELL\.m2\repository\org\springframework\boot\spring-boot-starter-data-jpa\3.5.6\spring-boot-starter-data-jpa-3.5.6.jar;C:\Users\DELL\.m2\repository\org\springframework\boot\spring-boot-starter-jdbc\3.5.6\spring-boot-starter-jdbc-3.5.6.jar;C:\Users\DELL\.m2\repository\com\zaxxer\HikariCP\6.3.3\HikariCP-6.3.3.jar;C:\Users\DELL\.m2\repository\org\springframework\spring-jdbc\6.2.11\spring-jdbc-6.2.11.jar;C:\Users\DELL\.m2\repository\org\hibernate\orm\hibernate-core\6.6.29.Final\hibernate-core-6.6.29.Final.jar;C:\Users\DELL\.m2\repository\jakarta\persistence\jakarta.persistence-api\3.1.0\jakarta.persistence-api-3.1.0.jar;C:\Users\DELL\.m2\repository\jakarta\transaction\jakarta.transaction-api\2.0.1\jakarta.transaction-api-2.0.1.jar;C:\Users\DELL\.m2\repository\org\hibernate\common\hibernate-commons-annotations\7.0.3.Final\hibernate-commons-annotations-7.0.3.Final.jar;C:\Users\DELL\.m2\repository\io\smallrye\jandex\3.2.0\jandex-3.2.0.jar;C:\Users\DELL\.m2\repository\net\bytebuddy\byte-buddy\1.17.7\byte-buddy-1.17.7.jar;C:\Users\DELL\.m2\repository\org\glassfish\jaxb\jaxb-runtime\4.0.5\jaxb-runtime-4.0.5.jar;C:\Users\DELL\.m2\repository\org\glassfish\jaxb\jaxb-core\4.0.5\jaxb-core-4.0.5.jar;C:\Users\DELL\.m2\repository\org\glassfish\jaxb\txw2\4.0.5\txw2-4.0.5.jar;C:\Users\DELL\.m2\repository\com\sun\istack\istack-commons-runtime\4.1.2\istack-commons-runtime-4.1.2.jar;C:\Users\DELL\.m2\repository\jakarta\inject\jakarta.inject-api\2.0.1\jakarta.inject-api-2.0.1.jar;C:\Users\DELL\.m2\repository\org\antlr\antlr4-runtime\4.13.0\antlr4-runtime-4.13.0.jar;C:\Users\DELL\.m2\repository\org\springframework\data\spring-data-jpa\3.5.4\spring-data-jpa-3.5.4.jar;C:\Users\DELL\.m2\repository\org\springframework\data\spring-data-commons\3.5.4\spring-data-commons-3.5.4.jar;C:\Users\DELL\.m2\repository\org\springframework\spring-orm\6.2.11\spring-orm-6.2.11.jar;C:\Users\DELL\.m2\repository\org\springframework\spring-tx\6.2.11\spring-tx-6.2.11.jar;C:\Users\DELL\.m2\repository\org\slf4j\slf4j-api\2.0.17\slf4j-api-2.0.17.jar;C:\Users\DELL\.m2\repository\org\springframework\spring-aspects\6.2.11\spring-aspects-6.2.11.jar;C:\Users\DELL\.m2\repository\org\aspectj\aspectjweaver\1.9.24\aspectjweaver-1.9.24.jar;C:\Users\DELL\.m2\repository\org\springframework\boot\spring-boot-devtools\3.5.6\spring-boot-devtools-3.5.6.jar;C:\Users\DELL\.m2\repository\org\springframework\boot\spring-boot\3.5.6\spring-boot-3.5.6.jar;C:\Users\DELL\.m2\repository\org\springframework\boot\spring-boot-autoconfigure\3.5.6\spring-boot-autoconfigure-3.5.6.jar;C:\Users\DELL\.m2\repository\org\postgresql\postgresql\42.7.7\postgresql-42.7.7.jar;C:\Users\DELL\.m2\repository\org\checkerframework\checker-qual\3.49.3\checker-qual-3.49.3.jar;C:\Users\DELL\.m2\repository\org\projectlombok\lombok\1.18.40\lombok-1.18.40.jar;C:\Users\DELL\.m2\repository\jakarta\xml\bind\jakarta.xml.bind-api\4.0.2\jakarta.xml.bind-api-4.0.2.jar;C:\Users\DELL\.m2\repository\jakarta\activation\jakarta.activation-api\2.1.4\jakarta.activation-api-2.1.4.jar;C:\Users\DELL\.m2\repository\org\springframework\spring-core\6.2.11\spring-core-6.2.11.jar;C:\Users\DELL\.m2\repository\org\springframework\spring-jcl\6.2.11\spring-jcl-6.2.11.jar;C:\Users\DELL\.m2\repository\org\springframework\security\spring-security-core\6.5.5\spring-security-core-6.5.5.jar;C:\Users\DELL\.m2\repository\org\springframework\security\spring-security-crypto\6.5.5\spring-security-crypto-6.5.5.jar;C:\Users\DELL\.m2\repository\jakarta\validation\jakarta.validation-api\3.0.2\jakarta.validation-api-3.0.2.jar;C:\Users\DELL\.m2\repository\org\hibernate\validator\hibernate-validator\8.0.3.Final\hibernate-validator-8.0.3.Final.jar;C:\Users\DELL\.m2\repository\org\jboss\logging\jboss-logging\3.6.1.Final\jboss-logging-3.6.1.Final.jar;C:\Users\DELL\.m2\repository\com\fasterxml\classmate\1.7.0\classmate-1.7.0.jar;C:\Users\DELL\.m2\repository\com\google\zxing\core\3.5.3\core-3.5.3.jar;C:\Users\DELL\.m2\repository\com\google\zxing\javase\3.5.3\javase-3.5.3.jar;C:\Users\DELL\.m2\repository\com\beust\jcommander\1.82\jcommander-1.82.jar;C:\Users\DELL\.m2\repository\com\github\jai-imageio\jai-imageio-core\1.4.0\jai-imageio-core-1.4.0.jar;C:\Users\DELL\.m2\repository\io\jsonwebtoken\jjwt-api\0.11.5\jjwt-api-0.11.5.jar;C:\Users\DELL\.m2\repository\io\jsonwebtoken\jjwt-impl\0.11.5\jjwt-impl-0.11.5.jar;C:\Users\DELL\.m2\repository\io\jsonwebtoken\jjwt-jackson\0.11.5\jjwt-jackson-0.11.5.jar;C:\Users\DELL\.m2\repository\com\fasterxml\jackson\core\jackson-databind\2.19.2\jackson-databind-2.19.2.jar;C:\Users\DELL\.m2\repository\com\fasterxml\jackson\core\jackson-annotations\2.19.2\jackson-annotations-2.19.2.jar;C:\Users\DELL\.m2\repository\com\fasterxml\jackson\core\jackson-core\2.19.2\jackson-core-2.19.2.jar;C:\Users\DELL\.m2\repository\org\springframework\boot\spring-boot-starter-mail\3.5.6\spring-boot-starter-mail-3.5.6.jar;C:\Users\DELL\.m2\repository\org\springframework\spring-context-support\6.2.11\spring-context-support-6.2.11.jar;C:\Users\DELL\.m2\repository\org\eclipse\angus\jakarta.mail\2.0.4\jakarta.mail-2.0.4.jar;C:\Users\DELL\.m2\repository\org\eclipse\angus\angus-activation\2.0.2\angus-activation-2.0.2.jar;C:\Users\DELL\.m2\repository\org\modelmapper\modelmapper\3.1.1\modelmapper-3.1.1.jar
Launcher Type: SUN_STANDARD

[Global flags]
     intx CICompilerCount                          = 3                                         {product} {ergonomic}
     uint ConcGCThreads                            = 1                                         {product} {ergonomic}
     uint G1ConcRefinementThreads                  = 4                                         {product} {ergonomic}
   size_t G1HeapRegionSize                         = 1048576                                   {product} {ergonomic}
    uintx GCDrainStackTargetSize                   = 64                                        {product} {ergonomic}
   size_t InitialHeapSize                          = 132120576                                 {product} {ergonomic}
   size_t MarkStackSize                            = 4194304                                   {product} {ergonomic}
   size_t MaxHeapSize                              = 2111832064                                {product} {ergonomic}
   size_t MaxNewSize                               = 1266679808                                {product} {ergonomic}
   size_t MinHeapDeltaBytes                        = 1048576                                   {product} {ergonomic}
   size_t MinHeapSize                              = 8388608                                   {product} {ergonomic}
    uintx NonNMethodCodeHeapSize                   = 5832780                                {pd product} {ergonomic}
    uintx NonProfiledCodeHeapSize                  = 122912730                              {pd product} {ergonomic}
    uintx ProfiledCodeHeapSize                     = 122912730                              {pd product} {ergonomic}
    uintx ReservedCodeCacheSize                    = 251658240                              {pd product} {ergonomic}
     bool SegmentedCodeCache                       = true                                      {product} {ergonomic}
   size_t SoftMaxHeapSize                          = 2111832064                             {manageable} {ergonomic}
     bool UseCompressedOops                        = true                           {product lp64_product} {ergonomic}
     bool UseG1GC                                  = true                                      {product} {ergonomic}
     bool UseLargePagesIndividualAllocation        = false                                  {pd product} {ergonomic}

Logging:
Log output configuration:
 #0: stdout all=warning uptime,level,tags foldmultilines=false
 #1: stderr all=off uptime,level,tags foldmultilines=false

Environment Variables:
PATH=C:\Program Files\Common Files\Oracle\Java\javapath;C:\WINDOWS\system32;C:\WINDOWS;C:\WINDOWS\System32\Wbem;C:\WINDOWS\System32\WindowsPowerShell\v1.0\;C:\WINDOWS\System32\OpenSSH\;C:\Program Files\nodejs\;C:\Program Files\Go\bin;C:\ProgramData\chocolatey\bin;C:\Program Files\Git\cmd;C:\Users\DELL\.local\bin;C:\Users\DELL\AppData\Local\Programs\Python\Launcher\;C:\Users\DELL\AppData\Local\Microsoft\WindowsApps;C:\Users\DELL\AppData\Roaming\npm;C:\Users\DELL\AppData\Local\GitHubDesktop\bin;C:\Program Files\PostgreSQL\15\bin;C:\Users\DELL\go\bin;C:\Users\DELL\.dotnet\tools;0x2ffa906e893b644f11f8a64d450219a20cde2f9d54267f4c04257049675ff95e;C:\Users\DELL\AppData\Local\Programs\Microsoft VS Code\bin;C:\Users\DELL\AppData\Local\Programs\Qoder\bin;C:\Users\DELL\AppData\Local\Programs\Kiro\bin
USERNAME=DELL
OS=Windows_NT
PROCESSOR_IDENTIFIER=Intel64 Family 6 Model 78 Stepping 3, GenuineIntel
TMP=C:\Users\DELL\AppData\Local\Temp
TEMP=C:\Users\DELL\AppData\Local\Temp




Periodic native trim disabled

---------------  S Y S T E M  ---------------

OS:
 Windows 11 , 64 bit Build 22621 (10.0.22621.3958)
OS uptime: 0 days 8:22 hours
Hyper-V role detected

CPU: total 4 (initial active 4) (2 cores per cpu, 2 threads per core) family 6 model 78 stepping 3 microcode 0xf0, cx8, cmov, fxsr, ht, mmx, 3dnowpref, sse, sse2, sse3, ssse3, sse4.1, sse4.2, popcnt, lzcnt, tsc, tscinvbit, avx, avx2, aes, erms, clmul, bmi1, bmi2, rtm, adx, fma, vzeroupper, clflush, clflushopt, hv, rdtscp, f16c
Processor Information for all 4 processors :
  Max Mhz: 2501, Current Mhz: 2501, Mhz Limit: 2501

Memory: 4k page, system-wide physical 8050M (281M free)
TotalPageFile size 21387M (AvailPageFile size 0M)
current process WorkingSet (physical memory assigned to process): 178M, peak: 197M
current process commit charge ("private bytes"): 210M, peak: 248M

vm_info: Java HotSpot(TM) 64-Bit Server VM (21.0.6+8-LTS-188) for windows-amd64 JRE (21.0.6+8-LTS-188), built on 2024-12-03T10:50:54Z by "mach5one" with MS VC++ 17.6 (VS2022)

END.
